2025-12-12 22:40:44,913 [Worker-2: Loading available Gradle versions] INFO  o.e.b.c.i.u.g.PublishedGradleVersions - Gradle version information cache is not available. Remote download required.
2025-12-12 22:42:36,564 [Worker-5: Importing Maven projects] INFO  o.e.m.c.i.l.LifecycleMappingFactory - Using org.eclipse.m2e.jdt.JarLifecycleMapping lifecycle mapping for MavenProject: com.cdac:springboot_backend_template:0.0.1 @ D:\CDAC_Aug\C_DEC project\DutyMatrix(PoliceSchedullingSystem)\projecteHelp\springboot_backend_template\pom.xml.
2025-12-12 22:42:49,310 [Worker-5: Importing Maven projects] INFO  o.e.m.j.i.AbstractJavaProjectConfigurator - Adding source folder /springboot_backend_template/src/main/java
2025-12-12 22:42:49,314 [Worker-5: Importing Maven projects] INFO  o.e.m.j.i.AbstractJavaProjectConfigurator - Adding resource folder /springboot_backend_template/src/main/resources
2025-12-12 22:42:49,316 [Worker-5: Importing Maven projects] INFO  o.e.m.j.i.AbstractJavaProjectConfigurator - Adding resource folder /springboot_backend_template/src/main/resources
2025-12-12 22:42:49,318 [Worker-5: Importing Maven projects] INFO  o.e.m.j.i.AbstractJavaProjectConfigurator - Adding source folder /springboot_backend_template/src/test/java
2025-12-12 22:42:49,320 [Worker-5: Importing Maven projects] INFO  o.e.m.j.i.AbstractJavaProjectConfigurator - Adding resource folder /springboot_backend_template/src/test/resources
2025-12-12 22:42:50,316 [Worker-5: Importing Maven projects] INFO  o.e.m.c.i.p.ProjectConfigurationManager - Imported and configured 1 project(s) in 22 sec
2025-12-12 22:42:50,443 [Worker-6: Updating Maven Project] INFO  o.e.m.c.i.p.ProjectConfigurationManager - Update started
2025-12-12 22:42:51,344 [Worker-6: Updating Maven Project] INFO  o.e.m.c.i.l.LifecycleMappingFactory - Using org.eclipse.m2e.jdt.JarLifecycleMapping lifecycle mapping for MavenProject: com.cdac:springboot_backend_template:0.0.1 @ D:\CDAC_Aug\C_DEC project\DutyMatrix(PoliceSchedullingSystem)\projecteHelp\springboot_backend_template\pom.xml.
2025-12-12 22:42:53,161 [Worker-6: Updating Maven Project] INFO  o.e.m.j.i.AbstractJavaProjectConfigurator - Adding source folder /springboot_backend_template/src/main/java
2025-12-12 22:42:53,164 [Worker-6: Updating Maven Project] INFO  o.e.m.j.i.AbstractJavaProjectConfigurator - Adding resource folder /springboot_backend_template/src/main/resources
2025-12-12 22:42:53,165 [Worker-6: Updating Maven Project] INFO  o.e.m.j.i.AbstractJavaProjectConfigurator - Adding resource folder /springboot_backend_template/src/main/resources
2025-12-12 22:42:53,166 [Worker-6: Updating Maven Project] INFO  o.e.m.j.i.AbstractJavaProjectConfigurator - Adding source folder /springboot_backend_template/src/test/java
2025-12-12 22:42:53,168 [Worker-6: Updating Maven Project] INFO  o.e.m.j.i.AbstractJavaProjectConfigurator - Adding resource folder /springboot_backend_template/src/test/resources
2025-12-12 22:42:53,922 [Worker-6: Updating Maven Project] INFO  o.e.m.c.i.p.ProjectConfigurationManager - Update completed for 1 poms: local refresh takes 0.00 sec, refresh facades takes 2.00 sec, update config takes 0.00 sec 
2025-12-12 22:42:55,157 [Worker-4: Building] INFO  o.a.m.s.f.DefaultMavenResourcesFiltering - Copying 1 resource from src\main\resources to target\classes
2025-12-12 22:42:55,195 [Worker-4: Building] INFO  o.a.m.s.f.DefaultMavenResourcesFiltering - Copying 0 resource from src\main\resources to target\classes
2025-12-12 22:42:55,201 [Worker-4: Building] INFO  o.a.m.s.f.DefaultMavenResourcesFiltering - skip non existing resourceDirectory D:\CDAC_Aug\C_DEC project\DutyMatrix(PoliceSchedullingSystem)\projecteHelp\springboot_backend_template\src\test\resources
2025-12-12 22:47:34,120 [Worker-2: Building] INFO  o.a.m.s.f.DefaultMavenResourcesFiltering - Copying 1 resource from src\main\resources to target\classes
2025-12-12 22:47:34,133 [Worker-2: Building] INFO  o.a.m.s.f.DefaultMavenResourcesFiltering - Copying 0 resource from src\main\resources to target\classes
2025-12-12 22:47:34,138 [Worker-2: Building] INFO  o.a.m.s.f.DefaultMavenResourcesFiltering - skip non existing resourceDirectory D:\CDAC_Aug\C_DEC project\DutyMatrix(PoliceSchedullingSystem)\projecteHelp\springboot_backend_template\src\test\resources
2025-12-12 22:49:54,031 [Worker-3: Building] INFO  o.a.m.s.f.DefaultMavenResourcesFiltering - Copying 1 resource from src\main\resources to target\classes
2025-12-12 22:49:54,039 [Worker-3: Building] INFO  o.a.m.s.f.DefaultMavenResourcesFiltering - Copying 0 resource from src\main\resources to target\classes
2025-12-12 22:49:54,043 [Worker-3: Building] INFO  o.a.m.s.f.DefaultMavenResourcesFiltering - skip non existing resourceDirectory D:\CDAC_Aug\C_DEC project\DutyMatrix(PoliceSchedullingSystem)\projecteHelp\springboot_backend_template\src\test\resources
2025-12-12 22:58:30,806 [Worker-11: Importing Maven projects] INFO  o.e.m.c.i.l.LifecycleMappingFactory - Using org.eclipse.m2e.jdt.JarLifecycleMapping lifecycle mapping for MavenProject: com.cdac:healtcare_backend:0.0.1 @ D:\CDAC_Aug\advance_java\lab\healtcare_backend1\pom.xml.
2025-12-12 22:58:32,451 [Worker-11: Importing Maven projects] INFO  o.e.m.j.i.AbstractJavaProjectConfigurator - Adding source folder /healtcare_backend/src/main/java
2025-12-12 22:58:32,453 [Worker-11: Importing Maven projects] INFO  o.e.m.j.i.AbstractJavaProjectConfigurator - Adding resource folder /healtcare_backend/src/main/resources
2025-12-12 22:58:32,454 [Worker-11: Importing Maven projects] INFO  o.e.m.j.i.AbstractJavaProjectConfigurator - Adding resource folder /healtcare_backend/src/main/resources
2025-12-12 22:58:32,455 [Worker-11: Importing Maven projects] INFO  o.e.m.j.i.AbstractJavaProjectConfigurator - Adding source folder /healtcare_backend/src/test/java
2025-12-12 22:58:32,456 [Worker-11: Importing Maven projects] INFO  o.e.m.j.i.AbstractJavaProjectConfigurator - Adding resource folder /healtcare_backend/src/test/resources
2025-12-12 22:58:33,017 [Worker-11: Importing Maven projects] INFO  o.e.m.c.i.p.ProjectConfigurationManager - Imported and configured 1 project(s) in 3 sec
2025-12-12 22:58:34,509 [Worker-2: Building] INFO  o.a.m.s.f.DefaultMavenResourcesFiltering - Copying 1 resource from src\main\resources to target\classes
2025-12-12 22:58:34,549 [Worker-2: Building] INFO  o.a.m.s.f.DefaultMavenResourcesFiltering - Copying 0 resource from src\main\resources to target\classes
2025-12-12 22:58:34,558 [Worker-2: Building] INFO  o.a.m.s.f.DefaultMavenResourcesFiltering - skip non existing resourceDirectory D:\CDAC_Aug\advance_java\lab\healtcare_backend1\src\test\resources
2025-12-12 23:01:10,549 [Worker-15: Updating Maven Project] INFO  o.e.m.c.i.p.ProjectConfigurationManager - Update started
2025-12-12 23:01:11,125 [Worker-15: Updating Maven Project] INFO  o.e.m.c.i.l.LifecycleMappingFactory - Using org.eclipse.m2e.jdt.JarLifecycleMapping lifecycle mapping for MavenProject: com.cdac:springboot_backend_template:0.0.1 @ D:\CDAC_Aug\C_DEC project\DutyMatrix(PoliceSchedullingSystem)\projecteHelp\springboot_backend_template\pom.xml.
2025-12-12 23:01:12,307 [Worker-15: Updating Maven Project] INFO  o.e.m.j.i.AbstractJavaProjectConfigurator - Adding source folder /springboot_backend_template/src/main/java
2025-12-12 23:01:12,308 [Worker-15: Updating Maven Project] INFO  o.e.m.j.i.AbstractJavaProjectConfigurator - Adding resource folder /springboot_backend_template/src/main/resources
2025-12-12 23:01:12,310 [Worker-15: Updating Maven Project] INFO  o.e.m.j.i.AbstractJavaProjectConfigurator - Adding resource folder /springboot_backend_template/src/main/resources
2025-12-12 23:01:12,310 [Worker-15: Updating Maven Project] INFO  o.e.m.j.i.AbstractJavaProjectConfigurator - Adding source folder /springboot_backend_template/src/test/java
2025-12-12 23:01:12,311 [Worker-15: Updating Maven Project] INFO  o.e.m.j.i.AbstractJavaProjectConfigurator - Adding resource folder /springboot_backend_template/src/test/resources
2025-12-12 23:01:12,834 [Worker-15: Updating Maven Project] INFO  o.e.m.c.i.p.ProjectConfigurationManager - Update completed for 1 poms: local refresh takes 0.00 sec, refresh facades takes 1.00 sec, update config takes 0.00 sec 
2025-12-12 23:01:13,313 [Worker-3: Building] INFO  o.a.m.s.f.DefaultMavenResourcesFiltering - Copying 1 resource from src\main\resources to target\classes
2025-12-12 23:01:13,330 [Worker-3: Building] INFO  o.a.m.s.f.DefaultMavenResourcesFiltering - Copying 0 resource from src\main\resources to target\classes
2025-12-12 23:01:13,335 [Worker-3: Building] INFO  o.a.m.s.f.DefaultMavenResourcesFiltering - skip non existing resourceDirectory D:\CDAC_Aug\C_DEC project\DutyMatrix(PoliceSchedullingSystem)\projecteHelp\springboot_backend_template\src\test\resources
2025-12-12 23:01:29,983 [Worker-11: Building] INFO  o.e.m.c.i.l.LifecycleMappingFactory - Using org.eclipse.m2e.jdt.JarLifecycleMapping lifecycle mapping for MavenProject: com.cdac:springboot_backend_template:0.0.1 @ D:\CDAC_Aug\C_DEC project\DutyMatrix(PoliceSchedullingSystem)\projecteHelp\springboot_backend_template\pom.xml.
2025-12-12 23:01:31,382 [Worker-11: Building] INFO  o.a.m.s.f.DefaultMavenResourcesFiltering - Copying 1 resource from src\main\resources to target\classes
2025-12-12 23:01:31,400 [Worker-11: Building] INFO  o.a.m.s.f.DefaultMavenResourcesFiltering - Copying 0 resource from src\main\resources to target\classes
2025-12-12 23:01:31,405 [Worker-11: Building] INFO  o.a.m.s.f.DefaultMavenResourcesFiltering - skip non existing resourceDirectory D:\CDAC_Aug\C_DEC project\DutyMatrix(PoliceSchedullingSystem)\projecteHelp\springboot_backend_template\src\test\resources
2025-12-12 23:01:32,670 [Worker-16: Building] INFO  o.a.m.s.f.DefaultMavenResourcesFiltering - Copying 1 resource from src\main\resources to target\classes
2025-12-12 23:01:32,673 [Worker-16: Building] INFO  o.a.m.s.f.DefaultMavenResourcesFiltering - Copying 0 resource from src\main\resources to target\classes
2025-12-12 23:01:32,679 [Worker-16: Building] INFO  o.a.m.s.f.DefaultMavenResourcesFiltering - skip non existing resourceDirectory D:\CDAC_Aug\C_DEC project\DutyMatrix(PoliceSchedullingSystem)\projecteHelp\springboot_backend_template\src\test\resources
2025-12-12 23:01:59,396 [main] INFO  o.e.m2e.actions.ExecutePomAction - Creating new launch configuration
2025-12-12 23:02:23,900 [Worker-11: Launching springboot_backend_template] INFO  o.eclipse.m2e.core.internal.Bundles - getClasspathEntries(Bundle=org.eclipse.m2e.maven.runtime_3.9.900.20250220-2013 [361])
2025-12-12 23:02:23,902 [Worker-11: Launching springboot_backend_template] INFO  o.eclipse.m2e.core.internal.Bundles - 	Entry: D:\sts_new\sts-4.30.0.RELEASE\plugins\org.eclipse.m2e.maven.runtime_3.9.900.20250220-2013
2025-12-12 23:02:23,902 [Worker-11: Launching springboot_backend_template] INFO  o.eclipse.m2e.core.internal.Bundles - 	Entry: D:\sts_new\sts-4.30.0.RELEASE\plugins\org.eclipse.m2e.maven.runtime_3.9.900.20250220-2013\jars\aopalliance-1.0.jar
2025-12-12 23:02:23,902 [Worker-11: Launching springboot_backend_template] INFO  o.eclipse.m2e.core.internal.Bundles - 	Entry: D:\sts_new\sts-4.30.0.RELEASE\plugins\org.eclipse.m2e.maven.runtime_3.9.900.20250220-2013\jars\guice-5.1.0.jar
2025-12-12 23:02:23,902 [Worker-11: Launching springboot_backend_template] INFO  o.eclipse.m2e.core.internal.Bundles - 	Entry: D:\sts_new\sts-4.30.0.RELEASE\plugins\org.eclipse.m2e.maven.runtime_3.9.900.20250220-2013\jars\httpclient-4.5.14.jar
2025-12-12 23:02:23,902 [Worker-11: Launching springboot_backend_template] INFO  o.eclipse.m2e.core.internal.Bundles - 	Entry: D:\sts_new\sts-4.30.0.RELEASE\plugins\org.eclipse.m2e.maven.runtime_3.9.900.20250220-2013\jars\httpcore-4.4.16.jar
2025-12-12 23:02:23,902 [Worker-11: Launching springboot_backend_template] INFO  o.eclipse.m2e.core.internal.Bundles - 	Entry: D:\sts_new\sts-4.30.0.RELEASE\plugins\org.eclipse.m2e.maven.runtime_3.9.900.20250220-2013\jars\jansi-2.4.1.jar
2025-12-12 23:02:23,902 [Worker-11: Launching springboot_backend_template] INFO  o.eclipse.m2e.core.internal.Bundles - 	Entry: D:\sts_new\sts-4.30.0.RELEASE\plugins\org.eclipse.m2e.maven.runtime_3.9.900.20250220-2013\jars\jcl-over-slf4j-1.7.36.jar
2025-12-12 23:02:23,902 [Worker-11: Launching springboot_backend_template] INFO  o.eclipse.m2e.core.internal.Bundles - 	Entry: D:\sts_new\sts-4.30.0.RELEASE\plugins\org.eclipse.m2e.maven.runtime_3.9.900.20250220-2013\jars\maven-artifact-3.9.9.jar
2025-12-12 23:02:23,903 [Worker-11: Launching springboot_backend_template] INFO  o.eclipse.m2e.core.internal.Bundles - 	Entry: D:\sts_new\sts-4.30.0.RELEASE\plugins\org.eclipse.m2e.maven.runtime_3.9.900.20250220-2013\jars\maven-builder-support-3.9.9.jar
2025-12-12 23:02:23,903 [Worker-11: Launching springboot_backend_template] INFO  o.eclipse.m2e.core.internal.Bundles - 	Entry: D:\sts_new\sts-4.30.0.RELEASE\plugins\org.eclipse.m2e.maven.runtime_3.9.900.20250220-2013\jars\maven-compat-3.9.9.jar
2025-12-12 23:02:23,903 [Worker-11: Launching springboot_backend_template] INFO  o.eclipse.m2e.core.internal.Bundles - 	Entry: D:\sts_new\sts-4.30.0.RELEASE\plugins\org.eclipse.m2e.maven.runtime_3.9.900.20250220-2013\jars\maven-core-3.9.9.jar
2025-12-12 23:02:23,903 [Worker-11: Launching springboot_backend_template] INFO  o.eclipse.m2e.core.internal.Bundles - 	Entry: D:\sts_new\sts-4.30.0.RELEASE\plugins\org.eclipse.m2e.maven.runtime_3.9.900.20250220-2013\jars\maven-embedder-3.9.9.jar
2025-12-12 23:02:23,903 [Worker-11: Launching springboot_backend_template] INFO  o.eclipse.m2e.core.internal.Bundles - 	Entry: D:\sts_new\sts-4.30.0.RELEASE\plugins\org.eclipse.m2e.maven.runtime_3.9.900.20250220-2013\jars\maven-model-3.9.9.jar
2025-12-12 23:02:23,903 [Worker-11: Launching springboot_backend_template] INFO  o.eclipse.m2e.core.internal.Bundles - 	Entry: D:\sts_new\sts-4.30.0.RELEASE\plugins\org.eclipse.m2e.maven.runtime_3.9.900.20250220-2013\jars\maven-model-builder-3.9.9.jar
2025-12-12 23:02:23,903 [Worker-11: Launching springboot_backend_template] INFO  o.eclipse.m2e.core.internal.Bundles - 	Entry: D:\sts_new\sts-4.30.0.RELEASE\plugins\org.eclipse.m2e.maven.runtime_3.9.900.20250220-2013\jars\maven-plugin-api-3.9.9.jar
2025-12-12 23:02:23,903 [Worker-11: Launching springboot_backend_template] INFO  o.eclipse.m2e.core.internal.Bundles - 	Entry: D:\sts_new\sts-4.30.0.RELEASE\plugins\org.eclipse.m2e.maven.runtime_3.9.900.20250220-2013\jars\maven-repository-metadata-3.9.9.jar
2025-12-12 23:02:23,903 [Worker-11: Launching springboot_backend_template] INFO  o.eclipse.m2e.core.internal.Bundles - 	Entry: D:\sts_new\sts-4.30.0.RELEASE\plugins\org.eclipse.m2e.maven.runtime_3.9.900.20250220-2013\jars\maven-resolver-api-1.9.22.jar
2025-12-12 23:02:23,903 [Worker-11: Launching springboot_backend_template] INFO  o.eclipse.m2e.core.internal.Bundles - 	Entry: D:\sts_new\sts-4.30.0.RELEASE\plugins\org.eclipse.m2e.maven.runtime_3.9.900.20250220-2013\jars\maven-resolver-connector-basic-1.9.22.jar
2025-12-12 23:02:23,903 [Worker-11: Launching springboot_backend_template] INFO  o.eclipse.m2e.core.internal.Bundles - 	Entry: D:\sts_new\sts-4.30.0.RELEASE\plugins\org.eclipse.m2e.maven.runtime_3.9.900.20250220-2013\jars\maven-resolver-impl-1.9.22.jar
2025-12-12 23:02:23,903 [Worker-11: Launching springboot_backend_template] INFO  o.eclipse.m2e.core.internal.Bundles - 	Entry: D:\sts_new\sts-4.30.0.RELEASE\plugins\org.eclipse.m2e.maven.runtime_3.9.900.20250220-2013\jars\maven-resolver-named-locks-1.9.22.jar
2025-12-12 23:02:23,904 [Worker-11: Launching springboot_backend_template] INFO  o.eclipse.m2e.core.internal.Bundles - 	Entry: D:\sts_new\sts-4.30.0.RELEASE\plugins\org.eclipse.m2e.maven.runtime_3.9.900.20250220-2013\jars\maven-resolver-provider-3.9.9.jar
2025-12-12 23:02:23,904 [Worker-11: Launching springboot_backend_template] INFO  o.eclipse.m2e.core.internal.Bundles - 	Entry: D:\sts_new\sts-4.30.0.RELEASE\plugins\org.eclipse.m2e.maven.runtime_3.9.900.20250220-2013\jars\maven-resolver-spi-1.9.22.jar
2025-12-12 23:02:23,904 [Worker-11: Launching springboot_backend_template] INFO  o.eclipse.m2e.core.internal.Bundles - 	Entry: D:\sts_new\sts-4.30.0.RELEASE\plugins\org.eclipse.m2e.maven.runtime_3.9.900.20250220-2013\jars\maven-resolver-transport-file-1.9.22.jar
2025-12-12 23:02:23,904 [Worker-11: Launching springboot_backend_template] INFO  o.eclipse.m2e.core.internal.Bundles - 	Entry: D:\sts_new\sts-4.30.0.RELEASE\plugins\org.eclipse.m2e.maven.runtime_3.9.900.20250220-2013\jars\maven-resolver-transport-http-1.9.22.jar
2025-12-12 23:02:23,904 [Worker-11: Launching springboot_backend_template] INFO  o.eclipse.m2e.core.internal.Bundles - 	Entry: D:\sts_new\sts-4.30.0.RELEASE\plugins\org.eclipse.m2e.maven.runtime_3.9.900.20250220-2013\jars\maven-resolver-transport-wagon-1.9.22.jar
2025-12-12 23:02:23,904 [Worker-11: Launching springboot_backend_template] INFO  o.eclipse.m2e.core.internal.Bundles - 	Entry: D:\sts_new\sts-4.30.0.RELEASE\plugins\org.eclipse.m2e.maven.runtime_3.9.900.20250220-2013\jars\maven-resolver-util-1.9.22.jar
2025-12-12 23:02:23,905 [Worker-11: Launching springboot_backend_template] INFO  o.eclipse.m2e.core.internal.Bundles - 	Entry: D:\sts_new\sts-4.30.0.RELEASE\plugins\org.eclipse.m2e.maven.runtime_3.9.900.20250220-2013\jars\maven-settings-3.9.9.jar
2025-12-12 23:02:23,905 [Worker-11: Launching springboot_backend_template] INFO  o.eclipse.m2e.core.internal.Bundles - 	Entry: D:\sts_new\sts-4.30.0.RELEASE\plugins\org.eclipse.m2e.maven.runtime_3.9.900.20250220-2013\jars\maven-settings-builder-3.9.9.jar
2025-12-12 23:02:23,905 [Worker-11: Launching springboot_backend_template] INFO  o.eclipse.m2e.core.internal.Bundles - 	Entry: D:\sts_new\sts-4.30.0.RELEASE\plugins\org.eclipse.m2e.maven.runtime_3.9.900.20250220-2013\jars\maven-shared-utils-3.4.2.jar
2025-12-12 23:02:23,905 [Worker-11: Launching springboot_backend_template] INFO  o.eclipse.m2e.core.internal.Bundles - 	Entry: D:\sts_new\sts-4.30.0.RELEASE\plugins\org.eclipse.m2e.maven.runtime_3.9.900.20250220-2013\jars\org.eclipse.sisu.inject-0.9.0.M3.jar
2025-12-12 23:02:23,905 [Worker-11: Launching springboot_backend_template] INFO  o.eclipse.m2e.core.internal.Bundles - 	Entry: D:\sts_new\sts-4.30.0.RELEASE\plugins\org.eclipse.m2e.maven.runtime_3.9.900.20250220-2013\jars\org.eclipse.sisu.plexus-0.9.0.M3.jar
2025-12-12 23:02:23,905 [Worker-11: Launching springboot_backend_template] INFO  o.eclipse.m2e.core.internal.Bundles - 	Entry: D:\sts_new\sts-4.30.0.RELEASE\plugins\org.eclipse.m2e.maven.runtime_3.9.900.20250220-2013\jars\plexus-build-api-0.0.7.jar
2025-12-12 23:02:23,905 [Worker-11: Launching springboot_backend_template] INFO  o.eclipse.m2e.core.internal.Bundles - 	Entry: D:\sts_new\sts-4.30.0.RELEASE\plugins\org.eclipse.m2e.maven.runtime_3.9.900.20250220-2013\jars\plexus-build-api-1.2.0.jar
2025-12-12 23:02:23,905 [Worker-11: Launching springboot_backend_template] INFO  o.eclipse.m2e.core.internal.Bundles - 	Entry: D:\sts_new\sts-4.30.0.RELEASE\plugins\org.eclipse.m2e.maven.runtime_3.9.900.20250220-2013\jars\plexus-cipher-2.0.jar
2025-12-12 23:02:23,905 [Worker-11: Launching springboot_backend_template] INFO  o.eclipse.m2e.core.internal.Bundles - 	Entry: D:\sts_new\sts-4.30.0.RELEASE\plugins\org.eclipse.m2e.maven.runtime_3.9.900.20250220-2013\jars\plexus-classworlds-2.8.0.jar
2025-12-12 23:02:23,905 [Worker-11: Launching springboot_backend_template] INFO  o.eclipse.m2e.core.internal.Bundles - 	Entry: D:\sts_new\sts-4.30.0.RELEASE\plugins\org.eclipse.m2e.maven.runtime_3.9.900.20250220-2013\jars\plexus-component-annotations-2.1.0.jar
2025-12-12 23:02:23,906 [Worker-11: Launching springboot_backend_template] INFO  o.eclipse.m2e.core.internal.Bundles - 	Entry: D:\sts_new\sts-4.30.0.RELEASE\plugins\org.eclipse.m2e.maven.runtime_3.9.900.20250220-2013\jars\plexus-interpolation-1.27.jar
2025-12-12 23:02:23,906 [Worker-11: Launching springboot_backend_template] INFO  o.eclipse.m2e.core.internal.Bundles - 	Entry: D:\sts_new\sts-4.30.0.RELEASE\plugins\org.eclipse.m2e.maven.runtime_3.9.900.20250220-2013\jars\plexus-sec-dispatcher-2.0.jar
2025-12-12 23:02:23,906 [Worker-11: Launching springboot_backend_template] INFO  o.eclipse.m2e.core.internal.Bundles - 	Entry: D:\sts_new\sts-4.30.0.RELEASE\plugins\org.eclipse.m2e.maven.runtime_3.9.900.20250220-2013\jars\plexus-utils-3.5.1.jar
2025-12-12 23:02:23,906 [Worker-11: Launching springboot_backend_template] INFO  o.eclipse.m2e.core.internal.Bundles - 	Entry: D:\sts_new\sts-4.30.0.RELEASE\plugins\org.eclipse.m2e.maven.runtime_3.9.900.20250220-2013\jars\plexus-xml-3.0.1.jar
2025-12-12 23:02:23,906 [Worker-11: Launching springboot_backend_template] INFO  o.eclipse.m2e.core.internal.Bundles - 	Entry: D:\sts_new\sts-4.30.0.RELEASE\plugins\org.eclipse.m2e.maven.runtime_3.9.900.20250220-2013\jars\wagon-file-3.5.3.jar
2025-12-12 23:02:23,906 [Worker-11: Launching springboot_backend_template] INFO  o.eclipse.m2e.core.internal.Bundles - 	Entry: D:\sts_new\sts-4.30.0.RELEASE\plugins\org.eclipse.m2e.maven.runtime_3.9.900.20250220-2013\jars\wagon-http-3.5.3.jar
2025-12-12 23:02:23,906 [Worker-11: Launching springboot_backend_template] INFO  o.eclipse.m2e.core.internal.Bundles - 	Entry: D:\sts_new\sts-4.30.0.RELEASE\plugins\org.eclipse.m2e.maven.runtime_3.9.900.20250220-2013\jars\wagon-http-shared-3.5.3.jar
2025-12-12 23:02:23,907 [Worker-11: Launching springboot_backend_template] INFO  o.eclipse.m2e.core.internal.Bundles - 	Entry: D:\sts_new\sts-4.30.0.RELEASE\plugins\org.eclipse.m2e.maven.runtime_3.9.900.20250220-2013\jars\wagon-provider-api-3.5.3.jar
2025-12-12 23:02:23,908 [Worker-11: Launching springboot_backend_template] INFO  o.eclipse.m2e.core.internal.Bundles - getClasspathEntries(Bundle=com.google.guava_33.4.0.jre [29])
2025-12-12 23:02:23,909 [Worker-11: Launching springboot_backend_template] INFO  o.eclipse.m2e.core.internal.Bundles - 	Entry: D:\sts_new\sts-4.30.0.RELEASE\plugins\com.google.guava_33.4.0.jre.jar
2025-12-12 23:02:23,909 [Worker-11: Launching springboot_backend_template] INFO  o.eclipse.m2e.core.internal.Bundles - getClasspathEntries(Bundle=slf4j.api_2.0.17 [608])
2025-12-12 23:02:23,909 [Worker-11: Launching springboot_backend_template] INFO  o.eclipse.m2e.core.internal.Bundles - 	Entry: D:\sts_new\sts-4.30.0.RELEASE\plugins\slf4j.api_2.0.17.jar
2025-12-12 23:02:23,909 [Worker-11: Launching springboot_backend_template] INFO  o.eclipse.m2e.core.internal.Bundles - getClasspathEntries(Bundle=javax.inject_1.0.0.v20220405-0441 [759])
2025-12-12 23:02:23,910 [Worker-11: Launching springboot_backend_template] INFO  o.eclipse.m2e.core.internal.Bundles - 	Entry: D:\sts_new\sts-4.30.0.RELEASE\plugins\javax.inject_1.0.0.v20220405-0441.jar
2025-12-12 23:02:23,910 [Worker-11: Launching springboot_backend_template] INFO  o.eclipse.m2e.core.internal.Bundles - getClasspathEntries(Bundle=javax.annotation_1.3.5.v20230504-0748 [758])
2025-12-12 23:02:23,911 [Worker-11: Launching springboot_backend_template] INFO  o.eclipse.m2e.core.internal.Bundles - 	Entry: D:\sts_new\sts-4.30.0.RELEASE\plugins\javax.annotation_1.3.5.v20230504-0748.jar
2025-12-12 23:02:23,911 [Worker-11: Launching springboot_backend_template] INFO  o.eclipse.m2e.core.internal.Bundles - getClasspathEntries(Bundle=org.apache.commons.cli_1.9.0 [77])
2025-12-12 23:02:23,912 [Worker-11: Launching springboot_backend_template] INFO  o.eclipse.m2e.core.internal.Bundles - 	Entry: D:\sts_new\sts-4.30.0.RELEASE\plugins\org.apache.commons.cli_1.9.0.jar
2025-12-12 23:02:23,912 [Worker-11: Launching springboot_backend_template] INFO  o.eclipse.m2e.core.internal.Bundles - getClasspathEntries(Bundle=org.apache.commons.commons-codec_1.16.0 [79])
2025-12-12 23:02:23,913 [Worker-11: Launching springboot_backend_template] INFO  o.eclipse.m2e.core.internal.Bundles - 	Entry: D:\sts_new\sts-4.30.0.RELEASE\plugins\org.apache.commons.commons-codec_1.16.0.jar
2025-12-12 23:02:23,913 [Worker-11: Launching springboot_backend_template] INFO  o.eclipse.m2e.core.internal.Bundles - getClasspathEntries(Bundle=com.google.guava.failureaccess_1.0.2 [30])
2025-12-12 23:02:23,914 [Worker-11: Launching springboot_backend_template] INFO  o.eclipse.m2e.core.internal.Bundles - 	Entry: D:\sts_new\sts-4.30.0.RELEASE\plugins\com.google.guava.failureaccess_1.0.2.jar
2025-12-12 23:02:23,917 [Worker-11: Launching springboot_backend_template] INFO  o.e.m.i.launch.MavenLaunchDelegate - Run build in "D:\CDAC_Aug\C_DEC project\DutyMatrix(PoliceSchedullingSystem)\projecteHelp\springboot_backend_template":
2025-12-12 23:02:23,918 [Worker-11: Launching springboot_backend_template] INFO  o.e.m.i.launch.MavenLaunchDelegate -  mvn  -B -Dstyle.color=always clean compile
2025-12-12 23:08:40,589 [Worker-0: Building] ERROR o.e.m.c.i.p.r.ProjectRegistryManager - File not found: D:\CDAC_Aug\C_DEC project\DutyMatrix(PoliceSchedullingSystem)\projecteHelp\springboot_backend_template\pom.xml.
org.eclipse.core.internal.resources.ResourceException: File not found: D:\CDAC_Aug\C_DEC project\DutyMatrix(PoliceSchedullingSystem)\projecteHelp\springboot_backend_template\pom.xml.
	at org.eclipse.core.internal.localstore.FileSystemResourceManager.read(FileSystemResourceManager.java:886)
	at org.eclipse.core.internal.resources.File.getContents(File.java:352)
	at org.eclipse.core.internal.resources.File.getContents(File.java:342)
	at org.eclipse.m2e.core.internal.project.registry.ProjectRegistryManager.refreshPhase2(ProjectRegistryManager.java:589)
	at org.eclipse.m2e.core.internal.project.registry.ProjectRegistryManager.refresh(ProjectRegistryManager.java:491)
	at org.eclipse.m2e.core.internal.project.registry.ProjectRegistryManager.refresh(ProjectRegistryManager.java:370)
	at org.eclipse.m2e.core.internal.project.registry.ProjectRegistryManager.refresh(ProjectRegistryManager.java:322)
	at org.eclipse.m2e.core.internal.builder.MavenBuilder$BuildMethod.getProjectFacade(MavenBuilder.java:146)
	at org.eclipse.m2e.core.internal.builder.MavenBuilder$BuildMethod.lambda$0(MavenBuilder.java:84)
	at org.eclipse.m2e.core.internal.embedder.MavenExecutionContext.executeBare(MavenExecutionContext.java:458)
	at org.eclipse.m2e.core.internal.embedder.MavenExecutionContext.execute(MavenExecutionContext.java:339)
	at org.eclipse.m2e.core.internal.embedder.MavenExecutionContext.execute(MavenExecutionContext.java:278)
	at org.eclipse.m2e.core.internal.builder.MavenBuilder$BuildMethod.execute(MavenBuilder.java:83)
	at org.eclipse.m2e.core.internal.builder.MavenBuilder.build(MavenBuilder.java:192)
	at org.eclipse.core.internal.events.BuildManager$2.run(BuildManager.java:1077)
	at org.eclipse.core.runtime.SafeRunner.run(SafeRunner.java:47)
	at org.eclipse.core.internal.events.BuildManager.basicBuild(BuildManager.java:296)
	at org.eclipse.core.internal.events.BuildManager.basicBuild(BuildManager.java:352)
	at org.eclipse.core.internal.events.BuildManager$1.run(BuildManager.java:441)
	at org.eclipse.core.runtime.SafeRunner.run(SafeRunner.java:47)
	at org.eclipse.core.internal.events.BuildManager.basicBuild(BuildManager.java:444)
	at org.eclipse.core.internal.events.BuildManager.basicBuildLoop(BuildManager.java:555)
	at org.eclipse.core.internal.events.BuildManager.basicBuildLoop(BuildManager.java:503)
	at org.eclipse.core.internal.events.BuildManager.build(BuildManager.java:585)
	at org.eclipse.core.internal.events.AutoBuildJob.doBuild(AutoBuildJob.java:207)
	at org.eclipse.core.internal.events.AutoBuildJob.run(AutoBuildJob.java:300)
	at org.eclipse.core.internal.jobs.Worker.run(Worker.java:63)
Caused by: org.eclipse.core.runtime.CoreException: File not found: D:\CDAC_Aug\C_DEC project\DutyMatrix(PoliceSchedullingSystem)\projecteHelp\springboot_backend_template\pom.xml.
	at org.eclipse.core.internal.filesystem.Policy.error(Policy.java:32)
	at org.eclipse.core.internal.filesystem.local.LocalFile.handleReadIOException(LocalFile.java:542)
	at org.eclipse.core.internal.filesystem.local.LocalFile.openInputStream(LocalFile.java:523)
	at org.eclipse.core.internal.localstore.FileSystemResourceManager.read(FileSystemResourceManager.java:881)
	... 26 common frames omitted
Caused by: java.io.FileNotFoundException: D:\CDAC_Aug\C_DEC project\DutyMatrix(PoliceSchedullingSystem)\projecteHelp\springboot_backend_template\pom.xml (The system cannot find the file specified)
	at java.base/java.io.FileInputStream.open0(Native Method)
	at java.base/java.io.FileInputStream.open(FileInputStream.java:213)
	at java.base/java.io.FileInputStream.<init>(FileInputStream.java:152)
	at org.eclipse.core.internal.filesystem.local.LocalFile.openInputStream(LocalFile.java:521)
	... 27 common frames omitted
2025-12-12 23:09:48,993 [Worker-0: Updating Maven Project] INFO  o.e.m.c.i.p.ProjectConfigurationManager - Update started
2025-12-12 23:09:49,016 [Worker-0: Updating Maven Project] INFO  o.e.m.c.i.p.ProjectConfigurationManager - Update completed for 1 poms: local refresh takes 0.00 sec, refresh facades takes 0.00 sec, update config takes 0.00 sec 
2025-12-12 23:09:56,190 [main] INFO  o.e.m2e.actions.ExecutePomAction - Creating new launch configuration
2025-12-12 23:10:00,968 [Worker-11: Launching springboot_backend_template (1)] INFO  o.eclipse.m2e.core.internal.Bundles - getClasspathEntries(Bundle=org.eclipse.m2e.maven.runtime_3.9.900.20250220-2013 [361])
2025-12-12 23:10:00,970 [Worker-11: Launching springboot_backend_template (1)] INFO  o.eclipse.m2e.core.internal.Bundles - 	Entry: D:\sts_new\sts-4.30.0.RELEASE\plugins\org.eclipse.m2e.maven.runtime_3.9.900.20250220-2013
2025-12-12 23:10:00,970 [Worker-11: Launching springboot_backend_template (1)] INFO  o.eclipse.m2e.core.internal.Bundles - 	Entry: D:\sts_new\sts-4.30.0.RELEASE\plugins\org.eclipse.m2e.maven.runtime_3.9.900.20250220-2013\jars\aopalliance-1.0.jar
2025-12-12 23:10:00,970 [Worker-11: Launching springboot_backend_template (1)] INFO  o.eclipse.m2e.core.internal.Bundles - 	Entry: D:\sts_new\sts-4.30.0.RELEASE\plugins\org.eclipse.m2e.maven.runtime_3.9.900.20250220-2013\jars\guice-5.1.0.jar
2025-12-12 23:10:00,971 [Worker-11: Launching springboot_backend_template (1)] INFO  o.eclipse.m2e.core.internal.Bundles - 	Entry: D:\sts_new\sts-4.30.0.RELEASE\plugins\org.eclipse.m2e.maven.runtime_3.9.900.20250220-2013\jars\httpclient-4.5.14.jar
2025-12-12 23:10:00,971 [Worker-11: Launching springboot_backend_template (1)] INFO  o.eclipse.m2e.core.internal.Bundles - 	Entry: D:\sts_new\sts-4.30.0.RELEASE\plugins\org.eclipse.m2e.maven.runtime_3.9.900.20250220-2013\jars\httpcore-4.4.16.jar
2025-12-12 23:10:00,971 [Worker-11: Launching springboot_backend_template (1)] INFO  o.eclipse.m2e.core.internal.Bundles - 	Entry: D:\sts_new\sts-4.30.0.RELEASE\plugins\org.eclipse.m2e.maven.runtime_3.9.900.20250220-2013\jars\jansi-2.4.1.jar
2025-12-12 23:10:00,971 [Worker-11: Launching springboot_backend_template (1)] INFO  o.eclipse.m2e.core.internal.Bundles - 	Entry: D:\sts_new\sts-4.30.0.RELEASE\plugins\org.eclipse.m2e.maven.runtime_3.9.900.20250220-2013\jars\jcl-over-slf4j-1.7.36.jar
2025-12-12 23:10:00,971 [Worker-11: Launching springboot_backend_template (1)] INFO  o.eclipse.m2e.core.internal.Bundles - 	Entry: D:\sts_new\sts-4.30.0.RELEASE\plugins\org.eclipse.m2e.maven.runtime_3.9.900.20250220-2013\jars\maven-artifact-3.9.9.jar
2025-12-12 23:10:00,971 [Worker-11: Launching springboot_backend_template (1)] INFO  o.eclipse.m2e.core.internal.Bundles - 	Entry: D:\sts_new\sts-4.30.0.RELEASE\plugins\org.eclipse.m2e.maven.runtime_3.9.900.20250220-2013\jars\maven-builder-support-3.9.9.jar
2025-12-12 23:10:00,971 [Worker-11: Launching springboot_backend_template (1)] INFO  o.eclipse.m2e.core.internal.Bundles - 	Entry: D:\sts_new\sts-4.30.0.RELEASE\plugins\org.eclipse.m2e.maven.runtime_3.9.900.20250220-2013\jars\maven-compat-3.9.9.jar
2025-12-12 23:10:00,971 [Worker-11: Launching springboot_backend_template (1)] INFO  o.eclipse.m2e.core.internal.Bundles - 	Entry: D:\sts_new\sts-4.30.0.RELEASE\plugins\org.eclipse.m2e.maven.runtime_3.9.900.20250220-2013\jars\maven-core-3.9.9.jar
2025-12-12 23:10:00,971 [Worker-11: Launching springboot_backend_template (1)] INFO  o.eclipse.m2e.core.internal.Bundles - 	Entry: D:\sts_new\sts-4.30.0.RELEASE\plugins\org.eclipse.m2e.maven.runtime_3.9.900.20250220-2013\jars\maven-embedder-3.9.9.jar
2025-12-12 23:10:00,971 [Worker-11: Launching springboot_backend_template (1)] INFO  o.eclipse.m2e.core.internal.Bundles - 	Entry: D:\sts_new\sts-4.30.0.RELEASE\plugins\org.eclipse.m2e.maven.runtime_3.9.900.20250220-2013\jars\maven-model-3.9.9.jar
2025-12-12 23:10:00,972 [Worker-11: Launching springboot_backend_template (1)] INFO  o.eclipse.m2e.core.internal.Bundles - 	Entry: D:\sts_new\sts-4.30.0.RELEASE\plugins\org.eclipse.m2e.maven.runtime_3.9.900.20250220-2013\jars\maven-model-builder-3.9.9.jar
2025-12-12 23:10:00,972 [Worker-11: Launching springboot_backend_template (1)] INFO  o.eclipse.m2e.core.internal.Bundles - 	Entry: D:\sts_new\sts-4.30.0.RELEASE\plugins\org.eclipse.m2e.maven.runtime_3.9.900.20250220-2013\jars\maven-plugin-api-3.9.9.jar
2025-12-12 23:10:00,972 [Worker-11: Launching springboot_backend_template (1)] INFO  o.eclipse.m2e.core.internal.Bundles - 	Entry: D:\sts_new\sts-4.30.0.RELEASE\plugins\org.eclipse.m2e.maven.runtime_3.9.900.20250220-2013\jars\maven-repository-metadata-3.9.9.jar
2025-12-12 23:10:00,972 [Worker-11: Launching springboot_backend_template (1)] INFO  o.eclipse.m2e.core.internal.Bundles - 	Entry: D:\sts_new\sts-4.30.0.RELEASE\plugins\org.eclipse.m2e.maven.runtime_3.9.900.20250220-2013\jars\maven-resolver-api-1.9.22.jar
2025-12-12 23:10:00,972 [Worker-11: Launching springboot_backend_template (1)] INFO  o.eclipse.m2e.core.internal.Bundles - 	Entry: D:\sts_new\sts-4.30.0.RELEASE\plugins\org.eclipse.m2e.maven.runtime_3.9.900.20250220-2013\jars\maven-resolver-connector-basic-1.9.22.jar
2025-12-12 23:10:00,972 [Worker-11: Launching springboot_backend_template (1)] INFO  o.eclipse.m2e.core.internal.Bundles - 	Entry: D:\sts_new\sts-4.30.0.RELEASE\plugins\org.eclipse.m2e.maven.runtime_3.9.900.20250220-2013\jars\maven-resolver-impl-1.9.22.jar
2025-12-12 23:10:00,972 [Worker-11: Launching springboot_backend_template (1)] INFO  o.eclipse.m2e.core.internal.Bundles - 	Entry: D:\sts_new\sts-4.30.0.RELEASE\plugins\org.eclipse.m2e.maven.runtime_3.9.900.20250220-2013\jars\maven-resolver-named-locks-1.9.22.jar
2025-12-12 23:10:00,972 [Worker-11: Launching springboot_backend_template (1)] INFO  o.eclipse.m2e.core.internal.Bundles - 	Entry: D:\sts_new\sts-4.30.0.RELEASE\plugins\org.eclipse.m2e.maven.runtime_3.9.900.20250220-2013\jars\maven-resolver-provider-3.9.9.jar
2025-12-12 23:10:00,973 [Worker-11: Launching springboot_backend_template (1)] INFO  o.eclipse.m2e.core.internal.Bundles - 	Entry: D:\sts_new\sts-4.30.0.RELEASE\plugins\org.eclipse.m2e.maven.runtime_3.9.900.20250220-2013\jars\maven-resolver-spi-1.9.22.jar
2025-12-12 23:10:00,973 [Worker-11: Launching springboot_backend_template (1)] INFO  o.eclipse.m2e.core.internal.Bundles - 	Entry: D:\sts_new\sts-4.30.0.RELEASE\plugins\org.eclipse.m2e.maven.runtime_3.9.900.20250220-2013\jars\maven-resolver-transport-file-1.9.22.jar
2025-12-12 23:10:00,973 [Worker-11: Launching springboot_backend_template (1)] INFO  o.eclipse.m2e.core.internal.Bundles - 	Entry: D:\sts_new\sts-4.30.0.RELEASE\plugins\org.eclipse.m2e.maven.runtime_3.9.900.20250220-2013\jars\maven-resolver-transport-http-1.9.22.jar
2025-12-12 23:10:00,973 [Worker-11: Launching springboot_backend_template (1)] INFO  o.eclipse.m2e.core.internal.Bundles - 	Entry: D:\sts_new\sts-4.30.0.RELEASE\plugins\org.eclipse.m2e.maven.runtime_3.9.900.20250220-2013\jars\maven-resolver-transport-wagon-1.9.22.jar
2025-12-12 23:10:00,973 [Worker-11: Launching springboot_backend_template (1)] INFO  o.eclipse.m2e.core.internal.Bundles - 	Entry: D:\sts_new\sts-4.30.0.RELEASE\plugins\org.eclipse.m2e.maven.runtime_3.9.900.20250220-2013\jars\maven-resolver-util-1.9.22.jar
2025-12-12 23:10:00,973 [Worker-11: Launching springboot_backend_template (1)] INFO  o.eclipse.m2e.core.internal.Bundles - 	Entry: D:\sts_new\sts-4.30.0.RELEASE\plugins\org.eclipse.m2e.maven.runtime_3.9.900.20250220-2013\jars\maven-settings-3.9.9.jar
2025-12-12 23:10:00,973 [Worker-11: Launching springboot_backend_template (1)] INFO  o.eclipse.m2e.core.internal.Bundles - 	Entry: D:\sts_new\sts-4.30.0.RELEASE\plugins\org.eclipse.m2e.maven.runtime_3.9.900.20250220-2013\jars\maven-settings-builder-3.9.9.jar
2025-12-12 23:10:00,973 [Worker-11: Launching springboot_backend_template (1)] INFO  o.eclipse.m2e.core.internal.Bundles - 	Entry: D:\sts_new\sts-4.30.0.RELEASE\plugins\org.eclipse.m2e.maven.runtime_3.9.900.20250220-2013\jars\maven-shared-utils-3.4.2.jar
2025-12-12 23:10:00,973 [Worker-11: Launching springboot_backend_template (1)] INFO  o.eclipse.m2e.core.internal.Bundles - 	Entry: D:\sts_new\sts-4.30.0.RELEASE\plugins\org.eclipse.m2e.maven.runtime_3.9.900.20250220-2013\jars\org.eclipse.sisu.inject-0.9.0.M3.jar
2025-12-12 23:10:00,973 [Worker-11: Launching springboot_backend_template (1)] INFO  o.eclipse.m2e.core.internal.Bundles - 	Entry: D:\sts_new\sts-4.30.0.RELEASE\plugins\org.eclipse.m2e.maven.runtime_3.9.900.20250220-2013\jars\org.eclipse.sisu.plexus-0.9.0.M3.jar
2025-12-12 23:10:00,973 [Worker-11: Launching springboot_backend_template (1)] INFO  o.eclipse.m2e.core.internal.Bundles - 	Entry: D:\sts_new\sts-4.30.0.RELEASE\plugins\org.eclipse.m2e.maven.runtime_3.9.900.20250220-2013\jars\plexus-build-api-0.0.7.jar
2025-12-12 23:10:00,974 [Worker-11: Launching springboot_backend_template (1)] INFO  o.eclipse.m2e.core.internal.Bundles - 	Entry: D:\sts_new\sts-4.30.0.RELEASE\plugins\org.eclipse.m2e.maven.runtime_3.9.900.20250220-2013\jars\plexus-build-api-1.2.0.jar
2025-12-12 23:10:00,974 [Worker-11: Launching springboot_backend_template (1)] INFO  o.eclipse.m2e.core.internal.Bundles - 	Entry: D:\sts_new\sts-4.30.0.RELEASE\plugins\org.eclipse.m2e.maven.runtime_3.9.900.20250220-2013\jars\plexus-cipher-2.0.jar
2025-12-12 23:10:00,974 [Worker-11: Launching springboot_backend_template (1)] INFO  o.eclipse.m2e.core.internal.Bundles - 	Entry: D:\sts_new\sts-4.30.0.RELEASE\plugins\org.eclipse.m2e.maven.runtime_3.9.900.20250220-2013\jars\plexus-classworlds-2.8.0.jar
2025-12-12 23:10:00,974 [Worker-11: Launching springboot_backend_template (1)] INFO  o.eclipse.m2e.core.internal.Bundles - 	Entry: D:\sts_new\sts-4.30.0.RELEASE\plugins\org.eclipse.m2e.maven.runtime_3.9.900.20250220-2013\jars\plexus-component-annotations-2.1.0.jar
2025-12-12 23:10:00,974 [Worker-11: Launching springboot_backend_template (1)] INFO  o.eclipse.m2e.core.internal.Bundles - 	Entry: D:\sts_new\sts-4.30.0.RELEASE\plugins\org.eclipse.m2e.maven.runtime_3.9.900.20250220-2013\jars\plexus-interpolation-1.27.jar
2025-12-12 23:10:00,974 [Worker-11: Launching springboot_backend_template (1)] INFO  o.eclipse.m2e.core.internal.Bundles - 	Entry: D:\sts_new\sts-4.30.0.RELEASE\plugins\org.eclipse.m2e.maven.runtime_3.9.900.20250220-2013\jars\plexus-sec-dispatcher-2.0.jar
2025-12-12 23:10:00,974 [Worker-11: Launching springboot_backend_template (1)] INFO  o.eclipse.m2e.core.internal.Bundles - 	Entry: D:\sts_new\sts-4.30.0.RELEASE\plugins\org.eclipse.m2e.maven.runtime_3.9.900.20250220-2013\jars\plexus-utils-3.5.1.jar
2025-12-12 23:10:00,974 [Worker-11: Launching springboot_backend_template (1)] INFO  o.eclipse.m2e.core.internal.Bundles - 	Entry: D:\sts_new\sts-4.30.0.RELEASE\plugins\org.eclipse.m2e.maven.runtime_3.9.900.20250220-2013\jars\plexus-xml-3.0.1.jar
2025-12-12 23:10:00,974 [Worker-11: Launching springboot_backend_template (1)] INFO  o.eclipse.m2e.core.internal.Bundles - 	Entry: D:\sts_new\sts-4.30.0.RELEASE\plugins\org.eclipse.m2e.maven.runtime_3.9.900.20250220-2013\jars\wagon-file-3.5.3.jar
2025-12-12 23:10:00,974 [Worker-11: Launching springboot_backend_template (1)] INFO  o.eclipse.m2e.core.internal.Bundles - 	Entry: D:\sts_new\sts-4.30.0.RELEASE\plugins\org.eclipse.m2e.maven.runtime_3.9.900.20250220-2013\jars\wagon-http-3.5.3.jar
2025-12-12 23:10:00,974 [Worker-11: Launching springboot_backend_template (1)] INFO  o.eclipse.m2e.core.internal.Bundles - 	Entry: D:\sts_new\sts-4.30.0.RELEASE\plugins\org.eclipse.m2e.maven.runtime_3.9.900.20250220-2013\jars\wagon-http-shared-3.5.3.jar
2025-12-12 23:10:00,975 [Worker-11: Launching springboot_backend_template (1)] INFO  o.eclipse.m2e.core.internal.Bundles - 	Entry: D:\sts_new\sts-4.30.0.RELEASE\plugins\org.eclipse.m2e.maven.runtime_3.9.900.20250220-2013\jars\wagon-provider-api-3.5.3.jar
2025-12-12 23:10:00,976 [Worker-11: Launching springboot_backend_template (1)] INFO  o.eclipse.m2e.core.internal.Bundles - getClasspathEntries(Bundle=com.google.guava_33.4.0.jre [29])
2025-12-12 23:10:00,977 [Worker-11: Launching springboot_backend_template (1)] INFO  o.eclipse.m2e.core.internal.Bundles - 	Entry: D:\sts_new\sts-4.30.0.RELEASE\plugins\com.google.guava_33.4.0.jre.jar
2025-12-12 23:10:00,978 [Worker-11: Launching springboot_backend_template (1)] INFO  o.eclipse.m2e.core.internal.Bundles - getClasspathEntries(Bundle=slf4j.api_2.0.17 [608])
2025-12-12 23:10:00,979 [Worker-11: Launching springboot_backend_template (1)] INFO  o.eclipse.m2e.core.internal.Bundles - 	Entry: D:\sts_new\sts-4.30.0.RELEASE\plugins\slf4j.api_2.0.17.jar
2025-12-12 23:10:00,979 [Worker-11: Launching springboot_backend_template (1)] INFO  o.eclipse.m2e.core.internal.Bundles - getClasspathEntries(Bundle=javax.inject_1.0.0.v20220405-0441 [759])
2025-12-12 23:10:00,979 [Worker-11: Launching springboot_backend_template (1)] INFO  o.eclipse.m2e.core.internal.Bundles - 	Entry: D:\sts_new\sts-4.30.0.RELEASE\plugins\javax.inject_1.0.0.v20220405-0441.jar
2025-12-12 23:10:00,979 [Worker-11: Launching springboot_backend_template (1)] INFO  o.eclipse.m2e.core.internal.Bundles - getClasspathEntries(Bundle=javax.annotation_1.3.5.v20230504-0748 [758])
2025-12-12 23:10:00,980 [Worker-11: Launching springboot_backend_template (1)] INFO  o.eclipse.m2e.core.internal.Bundles - 	Entry: D:\sts_new\sts-4.30.0.RELEASE\plugins\javax.annotation_1.3.5.v20230504-0748.jar
2025-12-12 23:10:00,980 [Worker-11: Launching springboot_backend_template (1)] INFO  o.eclipse.m2e.core.internal.Bundles - getClasspathEntries(Bundle=org.apache.commons.cli_1.9.0 [77])
2025-12-12 23:10:00,981 [Worker-11: Launching springboot_backend_template (1)] INFO  o.eclipse.m2e.core.internal.Bundles - 	Entry: D:\sts_new\sts-4.30.0.RELEASE\plugins\org.apache.commons.cli_1.9.0.jar
2025-12-12 23:10:00,981 [Worker-11: Launching springboot_backend_template (1)] INFO  o.eclipse.m2e.core.internal.Bundles - getClasspathEntries(Bundle=org.apache.commons.commons-codec_1.16.0 [79])
2025-12-12 23:10:00,981 [Worker-11: Launching springboot_backend_template (1)] INFO  o.eclipse.m2e.core.internal.Bundles - 	Entry: D:\sts_new\sts-4.30.0.RELEASE\plugins\org.apache.commons.commons-codec_1.16.0.jar
2025-12-12 23:10:00,981 [Worker-11: Launching springboot_backend_template (1)] INFO  o.eclipse.m2e.core.internal.Bundles - getClasspathEntries(Bundle=com.google.guava.failureaccess_1.0.2 [30])
2025-12-12 23:10:00,982 [Worker-11: Launching springboot_backend_template (1)] INFO  o.eclipse.m2e.core.internal.Bundles - 	Entry: D:\sts_new\sts-4.30.0.RELEASE\plugins\com.google.guava.failureaccess_1.0.2.jar
2025-12-12 23:10:00,986 [Worker-11: Launching springboot_backend_template (1)] INFO  o.e.m.i.launch.MavenLaunchDelegate - Run build in "D:\CDAC_Aug\C_DEC project\DutyMatrix(PoliceSchedullingSystem)\projecteHelp\springboot_backend_template":
2025-12-12 23:10:00,987 [Worker-11: Launching springboot_backend_template (1)] INFO  o.e.m.i.launch.MavenLaunchDelegate -  mvn  -B -Dstyle.color=always clean compile
2025-12-12 23:10:14,762 [main] INFO  o.e.m2e.actions.ExecutePomAction - Creating new launch configuration
2025-12-12 23:10:26,304 [Worker-0: Launching springboot_backend_template (2)] INFO  o.eclipse.m2e.core.internal.Bundles - getClasspathEntries(Bundle=org.eclipse.m2e.maven.runtime_3.9.900.20250220-2013 [361])
2025-12-12 23:10:26,305 [Worker-0: Launching springboot_backend_template (2)] INFO  o.eclipse.m2e.core.internal.Bundles - 	Entry: D:\sts_new\sts-4.30.0.RELEASE\plugins\org.eclipse.m2e.maven.runtime_3.9.900.20250220-2013
2025-12-12 23:10:26,306 [Worker-0: Launching springboot_backend_template (2)] INFO  o.eclipse.m2e.core.internal.Bundles - 	Entry: D:\sts_new\sts-4.30.0.RELEASE\plugins\org.eclipse.m2e.maven.runtime_3.9.900.20250220-2013\jars\aopalliance-1.0.jar
2025-12-12 23:10:26,306 [Worker-0: Launching springboot_backend_template (2)] INFO  o.eclipse.m2e.core.internal.Bundles - 	Entry: D:\sts_new\sts-4.30.0.RELEASE\plugins\org.eclipse.m2e.maven.runtime_3.9.900.20250220-2013\jars\guice-5.1.0.jar
2025-12-12 23:10:26,306 [Worker-0: Launching springboot_backend_template (2)] INFO  o.eclipse.m2e.core.internal.Bundles - 	Entry: D:\sts_new\sts-4.30.0.RELEASE\plugins\org.eclipse.m2e.maven.runtime_3.9.900.20250220-2013\jars\httpclient-4.5.14.jar
2025-12-12 23:10:26,307 [Worker-0: Launching springboot_backend_template (2)] INFO  o.eclipse.m2e.core.internal.Bundles - 	Entry: D:\sts_new\sts-4.30.0.RELEASE\plugins\org.eclipse.m2e.maven.runtime_3.9.900.20250220-2013\jars\httpcore-4.4.16.jar
2025-12-12 23:10:26,307 [Worker-0: Launching springboot_backend_template (2)] INFO  o.eclipse.m2e.core.internal.Bundles - 	Entry: D:\sts_new\sts-4.30.0.RELEASE\plugins\org.eclipse.m2e.maven.runtime_3.9.900.20250220-2013\jars\jansi-2.4.1.jar
2025-12-12 23:10:26,307 [Worker-0: Launching springboot_backend_template (2)] INFO  o.eclipse.m2e.core.internal.Bundles - 	Entry: D:\sts_new\sts-4.30.0.RELEASE\plugins\org.eclipse.m2e.maven.runtime_3.9.900.20250220-2013\jars\jcl-over-slf4j-1.7.36.jar
2025-12-12 23:10:26,307 [Worker-0: Launching springboot_backend_template (2)] INFO  o.eclipse.m2e.core.internal.Bundles - 	Entry: D:\sts_new\sts-4.30.0.RELEASE\plugins\org.eclipse.m2e.maven.runtime_3.9.900.20250220-2013\jars\maven-artifact-3.9.9.jar
2025-12-12 23:10:26,307 [Worker-0: Launching springboot_backend_template (2)] INFO  o.eclipse.m2e.core.internal.Bundles - 	Entry: D:\sts_new\sts-4.30.0.RELEASE\plugins\org.eclipse.m2e.maven.runtime_3.9.900.20250220-2013\jars\maven-builder-support-3.9.9.jar
2025-12-12 23:10:26,307 [Worker-0: Launching springboot_backend_template (2)] INFO  o.eclipse.m2e.core.internal.Bundles - 	Entry: D:\sts_new\sts-4.30.0.RELEASE\plugins\org.eclipse.m2e.maven.runtime_3.9.900.20250220-2013\jars\maven-compat-3.9.9.jar
2025-12-12 23:10:26,307 [Worker-0: Launching springboot_backend_template (2)] INFO  o.eclipse.m2e.core.internal.Bundles - 	Entry: D:\sts_new\sts-4.30.0.RELEASE\plugins\org.eclipse.m2e.maven.runtime_3.9.900.20250220-2013\jars\maven-core-3.9.9.jar
2025-12-12 23:10:26,307 [Worker-0: Launching springboot_backend_template (2)] INFO  o.eclipse.m2e.core.internal.Bundles - 	Entry: D:\sts_new\sts-4.30.0.RELEASE\plugins\org.eclipse.m2e.maven.runtime_3.9.900.20250220-2013\jars\maven-embedder-3.9.9.jar
2025-12-12 23:10:26,308 [Worker-0: Launching springboot_backend_template (2)] INFO  o.eclipse.m2e.core.internal.Bundles - 	Entry: D:\sts_new\sts-4.30.0.RELEASE\plugins\org.eclipse.m2e.maven.runtime_3.9.900.20250220-2013\jars\maven-model-3.9.9.jar
2025-12-12 23:10:26,308 [Worker-0: Launching springboot_backend_template (2)] INFO  o.eclipse.m2e.core.internal.Bundles - 	Entry: D:\sts_new\sts-4.30.0.RELEASE\plugins\org.eclipse.m2e.maven.runtime_3.9.900.20250220-2013\jars\maven-model-builder-3.9.9.jar
2025-12-12 23:10:26,308 [Worker-0: Launching springboot_backend_template (2)] INFO  o.eclipse.m2e.core.internal.Bundles - 	Entry: D:\sts_new\sts-4.30.0.RELEASE\plugins\org.eclipse.m2e.maven.runtime_3.9.900.20250220-2013\jars\maven-plugin-api-3.9.9.jar
2025-12-12 23:10:26,308 [Worker-0: Launching springboot_backend_template (2)] INFO  o.eclipse.m2e.core.internal.Bundles - 	Entry: D:\sts_new\sts-4.30.0.RELEASE\plugins\org.eclipse.m2e.maven.runtime_3.9.900.20250220-2013\jars\maven-repository-metadata-3.9.9.jar
2025-12-12 23:10:26,308 [Worker-0: Launching springboot_backend_template (2)] INFO  o.eclipse.m2e.core.internal.Bundles - 	Entry: D:\sts_new\sts-4.30.0.RELEASE\plugins\org.eclipse.m2e.maven.runtime_3.9.900.20250220-2013\jars\maven-resolver-api-1.9.22.jar
2025-12-12 23:10:26,308 [Worker-0: Launching springboot_backend_template (2)] INFO  o.eclipse.m2e.core.internal.Bundles - 	Entry: D:\sts_new\sts-4.30.0.RELEASE\plugins\org.eclipse.m2e.maven.runtime_3.9.900.20250220-2013\jars\maven-resolver-connector-basic-1.9.22.jar
2025-12-12 23:10:26,308 [Worker-0: Launching springboot_backend_template (2)] INFO  o.eclipse.m2e.core.internal.Bundles - 	Entry: D:\sts_new\sts-4.30.0.RELEASE\plugins\org.eclipse.m2e.maven.runtime_3.9.900.20250220-2013\jars\maven-resolver-impl-1.9.22.jar
2025-12-12 23:10:26,308 [Worker-0: Launching springboot_backend_template (2)] INFO  o.eclipse.m2e.core.internal.Bundles - 	Entry: D:\sts_new\sts-4.30.0.RELEASE\plugins\org.eclipse.m2e.maven.runtime_3.9.900.20250220-2013\jars\maven-resolver-named-locks-1.9.22.jar
2025-12-12 23:10:26,308 [Worker-0: Launching springboot_backend_template (2)] INFO  o.eclipse.m2e.core.internal.Bundles - 	Entry: D:\sts_new\sts-4.30.0.RELEASE\plugins\org.eclipse.m2e.maven.runtime_3.9.900.20250220-2013\jars\maven-resolver-provider-3.9.9.jar
2025-12-12 23:10:26,308 [Worker-0: Launching springboot_backend_template (2)] INFO  o.eclipse.m2e.core.internal.Bundles - 	Entry: D:\sts_new\sts-4.30.0.RELEASE\plugins\org.eclipse.m2e.maven.runtime_3.9.900.20250220-2013\jars\maven-resolver-spi-1.9.22.jar
2025-12-12 23:10:26,308 [Worker-0: Launching springboot_backend_template (2)] INFO  o.eclipse.m2e.core.internal.Bundles - 	Entry: D:\sts_new\sts-4.30.0.RELEASE\plugins\org.eclipse.m2e.maven.runtime_3.9.900.20250220-2013\jars\maven-resolver-transport-file-1.9.22.jar
2025-12-12 23:10:26,308 [Worker-0: Launching springboot_backend_template (2)] INFO  o.eclipse.m2e.core.internal.Bundles - 	Entry: D:\sts_new\sts-4.30.0.RELEASE\plugins\org.eclipse.m2e.maven.runtime_3.9.900.20250220-2013\jars\maven-resolver-transport-http-1.9.22.jar
2025-12-12 23:10:26,308 [Worker-0: Launching springboot_backend_template (2)] INFO  o.eclipse.m2e.core.internal.Bundles - 	Entry: D:\sts_new\sts-4.30.0.RELEASE\plugins\org.eclipse.m2e.maven.runtime_3.9.900.20250220-2013\jars\maven-resolver-transport-wagon-1.9.22.jar
2025-12-12 23:10:26,308 [Worker-0: Launching springboot_backend_template (2)] INFO  o.eclipse.m2e.core.internal.Bundles - 	Entry: D:\sts_new\sts-4.30.0.RELEASE\plugins\org.eclipse.m2e.maven.runtime_3.9.900.20250220-2013\jars\maven-resolver-util-1.9.22.jar
2025-12-12 23:10:26,308 [Worker-0: Launching springboot_backend_template (2)] INFO  o.eclipse.m2e.core.internal.Bundles - 	Entry: D:\sts_new\sts-4.30.0.RELEASE\plugins\org.eclipse.m2e.maven.runtime_3.9.900.20250220-2013\jars\maven-settings-3.9.9.jar
2025-12-12 23:10:26,309 [Worker-0: Launching springboot_backend_template (2)] INFO  o.eclipse.m2e.core.internal.Bundles - 	Entry: D:\sts_new\sts-4.30.0.RELEASE\plugins\org.eclipse.m2e.maven.runtime_3.9.900.20250220-2013\jars\maven-settings-builder-3.9.9.jar
2025-12-12 23:10:26,309 [Worker-0: Launching springboot_backend_template (2)] INFO  o.eclipse.m2e.core.internal.Bundles - 	Entry: D:\sts_new\sts-4.30.0.RELEASE\plugins\org.eclipse.m2e.maven.runtime_3.9.900.20250220-2013\jars\maven-shared-utils-3.4.2.jar
2025-12-12 23:10:26,309 [Worker-0: Launching springboot_backend_template (2)] INFO  o.eclipse.m2e.core.internal.Bundles - 	Entry: D:\sts_new\sts-4.30.0.RELEASE\plugins\org.eclipse.m2e.maven.runtime_3.9.900.20250220-2013\jars\org.eclipse.sisu.inject-0.9.0.M3.jar
2025-12-12 23:10:26,309 [Worker-0: Launching springboot_backend_template (2)] INFO  o.eclipse.m2e.core.internal.Bundles - 	Entry: D:\sts_new\sts-4.30.0.RELEASE\plugins\org.eclipse.m2e.maven.runtime_3.9.900.20250220-2013\jars\org.eclipse.sisu.plexus-0.9.0.M3.jar
2025-12-12 23:10:26,309 [Worker-0: Launching springboot_backend_template (2)] INFO  o.eclipse.m2e.core.internal.Bundles - 	Entry: D:\sts_new\sts-4.30.0.RELEASE\plugins\org.eclipse.m2e.maven.runtime_3.9.900.20250220-2013\jars\plexus-build-api-0.0.7.jar
2025-12-12 23:10:26,309 [Worker-0: Launching springboot_backend_template (2)] INFO  o.eclipse.m2e.core.internal.Bundles - 	Entry: D:\sts_new\sts-4.30.0.RELEASE\plugins\org.eclipse.m2e.maven.runtime_3.9.900.20250220-2013\jars\plexus-build-api-1.2.0.jar
2025-12-12 23:10:26,309 [Worker-0: Launching springboot_backend_template (2)] INFO  o.eclipse.m2e.core.internal.Bundles - 	Entry: D:\sts_new\sts-4.30.0.RELEASE\plugins\org.eclipse.m2e.maven.runtime_3.9.900.20250220-2013\jars\plexus-cipher-2.0.jar
2025-12-12 23:10:26,309 [Worker-0: Launching springboot_backend_template (2)] INFO  o.eclipse.m2e.core.internal.Bundles - 	Entry: D:\sts_new\sts-4.30.0.RELEASE\plugins\org.eclipse.m2e.maven.runtime_3.9.900.20250220-2013\jars\plexus-classworlds-2.8.0.jar
2025-12-12 23:10:26,309 [Worker-0: Launching springboot_backend_template (2)] INFO  o.eclipse.m2e.core.internal.Bundles - 	Entry: D:\sts_new\sts-4.30.0.RELEASE\plugins\org.eclipse.m2e.maven.runtime_3.9.900.20250220-2013\jars\plexus-component-annotations-2.1.0.jar
2025-12-12 23:10:26,309 [Worker-0: Launching springboot_backend_template (2)] INFO  o.eclipse.m2e.core.internal.Bundles - 	Entry: D:\sts_new\sts-4.30.0.RELEASE\plugins\org.eclipse.m2e.maven.runtime_3.9.900.20250220-2013\jars\plexus-interpolation-1.27.jar
2025-12-12 23:10:26,310 [Worker-0: Launching springboot_backend_template (2)] INFO  o.eclipse.m2e.core.internal.Bundles - 	Entry: D:\sts_new\sts-4.30.0.RELEASE\plugins\org.eclipse.m2e.maven.runtime_3.9.900.20250220-2013\jars\plexus-sec-dispatcher-2.0.jar
2025-12-12 23:10:26,310 [Worker-0: Launching springboot_backend_template (2)] INFO  o.eclipse.m2e.core.internal.Bundles - 	Entry: D:\sts_new\sts-4.30.0.RELEASE\plugins\org.eclipse.m2e.maven.runtime_3.9.900.20250220-2013\jars\plexus-utils-3.5.1.jar
2025-12-12 23:10:26,310 [Worker-0: Launching springboot_backend_template (2)] INFO  o.eclipse.m2e.core.internal.Bundles - 	Entry: D:\sts_new\sts-4.30.0.RELEASE\plugins\org.eclipse.m2e.maven.runtime_3.9.900.20250220-2013\jars\plexus-xml-3.0.1.jar
2025-12-12 23:10:26,310 [Worker-0: Launching springboot_backend_template (2)] INFO  o.eclipse.m2e.core.internal.Bundles - 	Entry: D:\sts_new\sts-4.30.0.RELEASE\plugins\org.eclipse.m2e.maven.runtime_3.9.900.20250220-2013\jars\wagon-file-3.5.3.jar
2025-12-12 23:10:26,310 [Worker-0: Launching springboot_backend_template (2)] INFO  o.eclipse.m2e.core.internal.Bundles - 	Entry: D:\sts_new\sts-4.30.0.RELEASE\plugins\org.eclipse.m2e.maven.runtime_3.9.900.20250220-2013\jars\wagon-http-3.5.3.jar
2025-12-12 23:10:26,310 [Worker-0: Launching springboot_backend_template (2)] INFO  o.eclipse.m2e.core.internal.Bundles - 	Entry: D:\sts_new\sts-4.30.0.RELEASE\plugins\org.eclipse.m2e.maven.runtime_3.9.900.20250220-2013\jars\wagon-http-shared-3.5.3.jar
2025-12-12 23:10:26,310 [Worker-0: Launching springboot_backend_template (2)] INFO  o.eclipse.m2e.core.internal.Bundles - 	Entry: D:\sts_new\sts-4.30.0.RELEASE\plugins\org.eclipse.m2e.maven.runtime_3.9.900.20250220-2013\jars\wagon-provider-api-3.5.3.jar
2025-12-12 23:10:26,310 [Worker-0: Launching springboot_backend_template (2)] INFO  o.eclipse.m2e.core.internal.Bundles - getClasspathEntries(Bundle=com.google.guava_33.4.0.jre [29])
2025-12-12 23:10:26,312 [Worker-0: Launching springboot_backend_template (2)] INFO  o.eclipse.m2e.core.internal.Bundles - 	Entry: D:\sts_new\sts-4.30.0.RELEASE\plugins\com.google.guava_33.4.0.jre.jar
2025-12-12 23:10:26,312 [Worker-0: Launching springboot_backend_template (2)] INFO  o.eclipse.m2e.core.internal.Bundles - getClasspathEntries(Bundle=slf4j.api_2.0.17 [608])
2025-12-12 23:10:26,312 [Worker-0: Launching springboot_backend_template (2)] INFO  o.eclipse.m2e.core.internal.Bundles - 	Entry: D:\sts_new\sts-4.30.0.RELEASE\plugins\slf4j.api_2.0.17.jar
2025-12-12 23:10:26,312 [Worker-0: Launching springboot_backend_template (2)] INFO  o.eclipse.m2e.core.internal.Bundles - getClasspathEntries(Bundle=javax.inject_1.0.0.v20220405-0441 [759])
2025-12-12 23:10:26,313 [Worker-0: Launching springboot_backend_template (2)] INFO  o.eclipse.m2e.core.internal.Bundles - 	Entry: D:\sts_new\sts-4.30.0.RELEASE\plugins\javax.inject_1.0.0.v20220405-0441.jar
2025-12-12 23:10:26,313 [Worker-0: Launching springboot_backend_template (2)] INFO  o.eclipse.m2e.core.internal.Bundles - getClasspathEntries(Bundle=javax.annotation_1.3.5.v20230504-0748 [758])
2025-12-12 23:10:26,314 [Worker-0: Launching springboot_backend_template (2)] INFO  o.eclipse.m2e.core.internal.Bundles - 	Entry: D:\sts_new\sts-4.30.0.RELEASE\plugins\javax.annotation_1.3.5.v20230504-0748.jar
2025-12-12 23:10:26,314 [Worker-0: Launching springboot_backend_template (2)] INFO  o.eclipse.m2e.core.internal.Bundles - getClasspathEntries(Bundle=org.apache.commons.cli_1.9.0 [77])
2025-12-12 23:10:26,315 [Worker-0: Launching springboot_backend_template (2)] INFO  o.eclipse.m2e.core.internal.Bundles - 	Entry: D:\sts_new\sts-4.30.0.RELEASE\plugins\org.apache.commons.cli_1.9.0.jar
2025-12-12 23:10:26,315 [Worker-0: Launching springboot_backend_template (2)] INFO  o.eclipse.m2e.core.internal.Bundles - getClasspathEntries(Bundle=org.apache.commons.commons-codec_1.16.0 [79])
2025-12-12 23:10:26,316 [Worker-0: Launching springboot_backend_template (2)] INFO  o.eclipse.m2e.core.internal.Bundles - 	Entry: D:\sts_new\sts-4.30.0.RELEASE\plugins\org.apache.commons.commons-codec_1.16.0.jar
2025-12-12 23:10:26,316 [Worker-0: Launching springboot_backend_template (2)] INFO  o.eclipse.m2e.core.internal.Bundles - getClasspathEntries(Bundle=com.google.guava.failureaccess_1.0.2 [30])
2025-12-12 23:10:26,317 [Worker-0: Launching springboot_backend_template (2)] INFO  o.eclipse.m2e.core.internal.Bundles - 	Entry: D:\sts_new\sts-4.30.0.RELEASE\plugins\com.google.guava.failureaccess_1.0.2.jar
2025-12-12 23:10:26,318 [Worker-0: Launching springboot_backend_template (2)] INFO  o.e.m.i.launch.MavenLaunchDelegate - Run build in "D:\CDAC_Aug\C_DEC project\DutyMatrix(PoliceSchedullingSystem)\projecteHelp\springboot_backend_template":
2025-12-12 23:10:26,318 [Worker-0: Launching springboot_backend_template (2)] INFO  o.e.m.i.launch.MavenLaunchDelegate -  mvn  -B -Dstyle.color=always clean compile
2025-12-12 23:13:31,113 [Worker-5: Loading available Gradle versions] INFO  o.e.b.c.i.u.g.PublishedGradleVersions - Gradle version information cache is up-to-date. Trying to read.
2025-12-12 23:13:36,749 [Worker-9: Building] INFO  o.e.m.c.i.l.LifecycleMappingFactory - Using org.eclipse.m2e.jdt.JarLifecycleMapping lifecycle mapping for MavenProject: com.cdac:springboot_backend_template:0.0.1 @ D:\CDAC_Aug\C_DEC project\DutyMatrix(PoliceSchedullingSystem)\projecteHelp\springboot_backend_template\pom.xml.
2025-12-12 23:13:40,312 [Worker-9: Building] INFO  o.a.m.s.f.DefaultMavenResourcesFiltering - Copying 0 resource from src\main\resources to target\classes
2025-12-12 23:13:40,313 [Worker-9: Building] INFO  o.a.m.s.f.DefaultMavenResourcesFiltering - Copying 0 resource from src\main\resources to target\classes
2025-12-12 23:13:40,323 [Worker-9: Building] INFO  o.a.m.s.f.DefaultMavenResourcesFiltering - skip non existing resourceDirectory D:\CDAC_Aug\C_DEC project\DutyMatrix(PoliceSchedullingSystem)\projecteHelp\springboot_backend_template\src\test\resources
2025-12-12 23:13:45,384 [Worker-9: Building] INFO  o.e.m.c.i.l.LifecycleMappingFactory - Using org.eclipse.m2e.jdt.JarLifecycleMapping lifecycle mapping for MavenProject: com.cdac:springboot_backend_template:0.0.1 @ D:\CDAC_Aug\C_DEC project\DutyMatrix(PoliceSchedullingSystem)\projecteHelp\springboot_backend_template\pom.xml.
2025-12-12 23:13:46,273 [Worker-9: Building] INFO  o.a.m.s.f.DefaultMavenResourcesFiltering - Copying 1 resource from src\main\resources to target\classes
2025-12-12 23:13:46,299 [Worker-9: Building] INFO  o.a.m.s.f.DefaultMavenResourcesFiltering - Copying 0 resource from src\main\resources to target\classes
2025-12-12 23:13:46,308 [Worker-9: Building] INFO  o.a.m.s.f.DefaultMavenResourcesFiltering - skip non existing resourceDirectory D:\CDAC_Aug\C_DEC project\DutyMatrix(PoliceSchedullingSystem)\projecteHelp\springboot_backend_template\src\test\resources
2025-12-12 23:13:52,396 [Worker-6: Importing Maven projects] ERROR o.e.m.c.i.p.ProjectConfigurationManager - Project DutyMatrix already exists
2025-12-12 23:13:52,401 [Worker-6: Importing Maven projects] INFO  o.e.m.c.i.p.ProjectConfigurationManager - Imported and configured 1 project(s) in 0 sec
2025-12-12 23:14:10,989 [Worker-7: Updating Maven Project] INFO  o.e.m.c.i.p.ProjectConfigurationManager - Update started
2025-12-12 23:14:11,654 [Worker-7: Updating Maven Project] INFO  o.e.m.c.i.l.LifecycleMappingFactory - Using org.eclipse.m2e.jdt.JarLifecycleMapping lifecycle mapping for MavenProject: com.cdac:springboot_backend_template:0.0.1 @ D:\CDAC_Aug\C_DEC project\DutyMatrix(PoliceSchedullingSystem)\projecteHelp\springboot_backend_template\pom.xml.
2025-12-12 23:14:12,953 [Worker-7: Updating Maven Project] INFO  o.e.m.j.i.AbstractJavaProjectConfigurator - Adding source folder /DutyMatrix/src/main/java
2025-12-12 23:14:12,956 [Worker-7: Updating Maven Project] INFO  o.e.m.j.i.AbstractJavaProjectConfigurator - Adding resource folder /DutyMatrix/src/main/resources
2025-12-12 23:14:12,958 [Worker-7: Updating Maven Project] INFO  o.e.m.j.i.AbstractJavaProjectConfigurator - Adding resource folder /DutyMatrix/src/main/resources
2025-12-12 23:14:12,960 [Worker-7: Updating Maven Project] INFO  o.e.m.j.i.AbstractJavaProjectConfigurator - Adding source folder /DutyMatrix/src/test/java
2025-12-12 23:14:12,962 [Worker-7: Updating Maven Project] INFO  o.e.m.j.i.AbstractJavaProjectConfigurator - Adding resource folder /DutyMatrix/src/test/resources
2025-12-12 23:14:13,724 [Worker-7: Updating Maven Project] INFO  o.e.m.c.i.p.ProjectConfigurationManager - Update completed for 1 poms: local refresh takes 0.00 sec, refresh facades takes 1.00 sec, update config takes 0.00 sec 
2025-12-12 23:14:14,230 [Worker-6: Building] INFO  o.a.m.s.f.DefaultMavenResourcesFiltering - Copying 1 resource from src\main\resources to target\classes
2025-12-12 23:14:14,253 [Worker-6: Building] INFO  o.a.m.s.f.DefaultMavenResourcesFiltering - Copying 0 resource from src\main\resources to target\classes
2025-12-12 23:14:14,260 [Worker-6: Building] INFO  o.a.m.s.f.DefaultMavenResourcesFiltering - skip non existing resourceDirectory D:\CDAC_Aug\C_DEC project\DutyMatrix(PoliceSchedullingSystem)\projecteHelp\springboot_backend_template\src\test\resources
2025-12-12 23:14:22,402 [main] INFO  o.e.m2e.actions.ExecutePomAction - Creating new launch configuration
2025-12-12 23:14:33,544 [Worker-9: Launching springboot_backend_template (3)] INFO  o.eclipse.m2e.core.internal.Bundles - getClasspathEntries(Bundle=org.eclipse.m2e.maven.runtime_3.9.900.20250220-2013 [361])
2025-12-12 23:14:33,546 [Worker-9: Launching springboot_backend_template (3)] INFO  o.eclipse.m2e.core.internal.Bundles - 	Entry: D:\sts_new\sts-4.30.0.RELEASE\plugins\org.eclipse.m2e.maven.runtime_3.9.900.20250220-2013
2025-12-12 23:14:33,547 [Worker-9: Launching springboot_backend_template (3)] INFO  o.eclipse.m2e.core.internal.Bundles - 	Entry: D:\sts_new\sts-4.30.0.RELEASE\plugins\org.eclipse.m2e.maven.runtime_3.9.900.20250220-2013\jars\aopalliance-1.0.jar
2025-12-12 23:14:33,547 [Worker-9: Launching springboot_backend_template (3)] INFO  o.eclipse.m2e.core.internal.Bundles - 	Entry: D:\sts_new\sts-4.30.0.RELEASE\plugins\org.eclipse.m2e.maven.runtime_3.9.900.20250220-2013\jars\guice-5.1.0.jar
2025-12-12 23:14:33,547 [Worker-9: Launching springboot_backend_template (3)] INFO  o.eclipse.m2e.core.internal.Bundles - 	Entry: D:\sts_new\sts-4.30.0.RELEASE\plugins\org.eclipse.m2e.maven.runtime_3.9.900.20250220-2013\jars\httpclient-4.5.14.jar
2025-12-12 23:14:33,547 [Worker-9: Launching springboot_backend_template (3)] INFO  o.eclipse.m2e.core.internal.Bundles - 	Entry: D:\sts_new\sts-4.30.0.RELEASE\plugins\org.eclipse.m2e.maven.runtime_3.9.900.20250220-2013\jars\httpcore-4.4.16.jar
2025-12-12 23:14:33,547 [Worker-9: Launching springboot_backend_template (3)] INFO  o.eclipse.m2e.core.internal.Bundles - 	Entry: D:\sts_new\sts-4.30.0.RELEASE\plugins\org.eclipse.m2e.maven.runtime_3.9.900.20250220-2013\jars\jansi-2.4.1.jar
2025-12-12 23:14:33,547 [Worker-9: Launching springboot_backend_template (3)] INFO  o.eclipse.m2e.core.internal.Bundles - 	Entry: D:\sts_new\sts-4.30.0.RELEASE\plugins\org.eclipse.m2e.maven.runtime_3.9.900.20250220-2013\jars\jcl-over-slf4j-1.7.36.jar
2025-12-12 23:14:33,547 [Worker-9: Launching springboot_backend_template (3)] INFO  o.eclipse.m2e.core.internal.Bundles - 	Entry: D:\sts_new\sts-4.30.0.RELEASE\plugins\org.eclipse.m2e.maven.runtime_3.9.900.20250220-2013\jars\maven-artifact-3.9.9.jar
2025-12-12 23:14:33,547 [Worker-9: Launching springboot_backend_template (3)] INFO  o.eclipse.m2e.core.internal.Bundles - 	Entry: D:\sts_new\sts-4.30.0.RELEASE\plugins\org.eclipse.m2e.maven.runtime_3.9.900.20250220-2013\jars\maven-builder-support-3.9.9.jar
2025-12-12 23:14:33,547 [Worker-9: Launching springboot_backend_template (3)] INFO  o.eclipse.m2e.core.internal.Bundles - 	Entry: D:\sts_new\sts-4.30.0.RELEASE\plugins\org.eclipse.m2e.maven.runtime_3.9.900.20250220-2013\jars\maven-compat-3.9.9.jar
2025-12-12 23:14:33,548 [Worker-9: Launching springboot_backend_template (3)] INFO  o.eclipse.m2e.core.internal.Bundles - 	Entry: D:\sts_new\sts-4.30.0.RELEASE\plugins\org.eclipse.m2e.maven.runtime_3.9.900.20250220-2013\jars\maven-core-3.9.9.jar
2025-12-12 23:14:33,548 [Worker-9: Launching springboot_backend_template (3)] INFO  o.eclipse.m2e.core.internal.Bundles - 	Entry: D:\sts_new\sts-4.30.0.RELEASE\plugins\org.eclipse.m2e.maven.runtime_3.9.900.20250220-2013\jars\maven-embedder-3.9.9.jar
2025-12-12 23:14:33,548 [Worker-9: Launching springboot_backend_template (3)] INFO  o.eclipse.m2e.core.internal.Bundles - 	Entry: D:\sts_new\sts-4.30.0.RELEASE\plugins\org.eclipse.m2e.maven.runtime_3.9.900.20250220-2013\jars\maven-model-3.9.9.jar
2025-12-12 23:14:33,548 [Worker-9: Launching springboot_backend_template (3)] INFO  o.eclipse.m2e.core.internal.Bundles - 	Entry: D:\sts_new\sts-4.30.0.RELEASE\plugins\org.eclipse.m2e.maven.runtime_3.9.900.20250220-2013\jars\maven-model-builder-3.9.9.jar
2025-12-12 23:14:33,548 [Worker-9: Launching springboot_backend_template (3)] INFO  o.eclipse.m2e.core.internal.Bundles - 	Entry: D:\sts_new\sts-4.30.0.RELEASE\plugins\org.eclipse.m2e.maven.runtime_3.9.900.20250220-2013\jars\maven-plugin-api-3.9.9.jar
2025-12-12 23:14:33,548 [Worker-9: Launching springboot_backend_template (3)] INFO  o.eclipse.m2e.core.internal.Bundles - 	Entry: D:\sts_new\sts-4.30.0.RELEASE\plugins\org.eclipse.m2e.maven.runtime_3.9.900.20250220-2013\jars\maven-repository-metadata-3.9.9.jar
2025-12-12 23:14:33,548 [Worker-9: Launching springboot_backend_template (3)] INFO  o.eclipse.m2e.core.internal.Bundles - 	Entry: D:\sts_new\sts-4.30.0.RELEASE\plugins\org.eclipse.m2e.maven.runtime_3.9.900.20250220-2013\jars\maven-resolver-api-1.9.22.jar
2025-12-12 23:14:33,548 [Worker-9: Launching springboot_backend_template (3)] INFO  o.eclipse.m2e.core.internal.Bundles - 	Entry: D:\sts_new\sts-4.30.0.RELEASE\plugins\org.eclipse.m2e.maven.runtime_3.9.900.20250220-2013\jars\maven-resolver-connector-basic-1.9.22.jar
2025-12-12 23:14:33,548 [Worker-9: Launching springboot_backend_template (3)] INFO  o.eclipse.m2e.core.internal.Bundles - 	Entry: D:\sts_new\sts-4.30.0.RELEASE\plugins\org.eclipse.m2e.maven.runtime_3.9.900.20250220-2013\jars\maven-resolver-impl-1.9.22.jar
2025-12-12 23:14:33,548 [Worker-9: Launching springboot_backend_template (3)] INFO  o.eclipse.m2e.core.internal.Bundles - 	Entry: D:\sts_new\sts-4.30.0.RELEASE\plugins\org.eclipse.m2e.maven.runtime_3.9.900.20250220-2013\jars\maven-resolver-named-locks-1.9.22.jar
2025-12-12 23:14:33,548 [Worker-9: Launching springboot_backend_template (3)] INFO  o.eclipse.m2e.core.internal.Bundles - 	Entry: D:\sts_new\sts-4.30.0.RELEASE\plugins\org.eclipse.m2e.maven.runtime_3.9.900.20250220-2013\jars\maven-resolver-provider-3.9.9.jar
2025-12-12 23:14:33,548 [Worker-9: Launching springboot_backend_template (3)] INFO  o.eclipse.m2e.core.internal.Bundles - 	Entry: D:\sts_new\sts-4.30.0.RELEASE\plugins\org.eclipse.m2e.maven.runtime_3.9.900.20250220-2013\jars\maven-resolver-spi-1.9.22.jar
2025-12-12 23:14:33,549 [Worker-9: Launching springboot_backend_template (3)] INFO  o.eclipse.m2e.core.internal.Bundles - 	Entry: D:\sts_new\sts-4.30.0.RELEASE\plugins\org.eclipse.m2e.maven.runtime_3.9.900.20250220-2013\jars\maven-resolver-transport-file-1.9.22.jar
2025-12-12 23:14:33,549 [Worker-9: Launching springboot_backend_template (3)] INFO  o.eclipse.m2e.core.internal.Bundles - 	Entry: D:\sts_new\sts-4.30.0.RELEASE\plugins\org.eclipse.m2e.maven.runtime_3.9.900.20250220-2013\jars\maven-resolver-transport-http-1.9.22.jar
2025-12-12 23:14:33,549 [Worker-9: Launching springboot_backend_template (3)] INFO  o.eclipse.m2e.core.internal.Bundles - 	Entry: D:\sts_new\sts-4.30.0.RELEASE\plugins\org.eclipse.m2e.maven.runtime_3.9.900.20250220-2013\jars\maven-resolver-transport-wagon-1.9.22.jar
2025-12-12 23:14:33,549 [Worker-9: Launching springboot_backend_template (3)] INFO  o.eclipse.m2e.core.internal.Bundles - 	Entry: D:\sts_new\sts-4.30.0.RELEASE\plugins\org.eclipse.m2e.maven.runtime_3.9.900.20250220-2013\jars\maven-resolver-util-1.9.22.jar
2025-12-12 23:14:33,549 [Worker-9: Launching springboot_backend_template (3)] INFO  o.eclipse.m2e.core.internal.Bundles - 	Entry: D:\sts_new\sts-4.30.0.RELEASE\plugins\org.eclipse.m2e.maven.runtime_3.9.900.20250220-2013\jars\maven-settings-3.9.9.jar
2025-12-12 23:14:33,549 [Worker-9: Launching springboot_backend_template (3)] INFO  o.eclipse.m2e.core.internal.Bundles - 	Entry: D:\sts_new\sts-4.30.0.RELEASE\plugins\org.eclipse.m2e.maven.runtime_3.9.900.20250220-2013\jars\maven-settings-builder-3.9.9.jar
2025-12-12 23:14:33,549 [Worker-9: Launching springboot_backend_template (3)] INFO  o.eclipse.m2e.core.internal.Bundles - 	Entry: D:\sts_new\sts-4.30.0.RELEASE\plugins\org.eclipse.m2e.maven.runtime_3.9.900.20250220-2013\jars\maven-shared-utils-3.4.2.jar
2025-12-12 23:14:33,549 [Worker-9: Launching springboot_backend_template (3)] INFO  o.eclipse.m2e.core.internal.Bundles - 	Entry: D:\sts_new\sts-4.30.0.RELEASE\plugins\org.eclipse.m2e.maven.runtime_3.9.900.20250220-2013\jars\org.eclipse.sisu.inject-0.9.0.M3.jar
2025-12-12 23:14:33,550 [Worker-9: Launching springboot_backend_template (3)] INFO  o.eclipse.m2e.core.internal.Bundles - 	Entry: D:\sts_new\sts-4.30.0.RELEASE\plugins\org.eclipse.m2e.maven.runtime_3.9.900.20250220-2013\jars\org.eclipse.sisu.plexus-0.9.0.M3.jar
2025-12-12 23:14:33,550 [Worker-9: Launching springboot_backend_template (3)] INFO  o.eclipse.m2e.core.internal.Bundles - 	Entry: D:\sts_new\sts-4.30.0.RELEASE\plugins\org.eclipse.m2e.maven.runtime_3.9.900.20250220-2013\jars\plexus-build-api-0.0.7.jar
2025-12-12 23:14:33,550 [Worker-9: Launching springboot_backend_template (3)] INFO  o.eclipse.m2e.core.internal.Bundles - 	Entry: D:\sts_new\sts-4.30.0.RELEASE\plugins\org.eclipse.m2e.maven.runtime_3.9.900.20250220-2013\jars\plexus-build-api-1.2.0.jar
2025-12-12 23:14:33,550 [Worker-9: Launching springboot_backend_template (3)] INFO  o.eclipse.m2e.core.internal.Bundles - 	Entry: D:\sts_new\sts-4.30.0.RELEASE\plugins\org.eclipse.m2e.maven.runtime_3.9.900.20250220-2013\jars\plexus-cipher-2.0.jar
2025-12-12 23:14:33,550 [Worker-9: Launching springboot_backend_template (3)] INFO  o.eclipse.m2e.core.internal.Bundles - 	Entry: D:\sts_new\sts-4.30.0.RELEASE\plugins\org.eclipse.m2e.maven.runtime_3.9.900.20250220-2013\jars\plexus-classworlds-2.8.0.jar
2025-12-12 23:14:33,550 [Worker-9: Launching springboot_backend_template (3)] INFO  o.eclipse.m2e.core.internal.Bundles - 	Entry: D:\sts_new\sts-4.30.0.RELEASE\plugins\org.eclipse.m2e.maven.runtime_3.9.900.20250220-2013\jars\plexus-component-annotations-2.1.0.jar
2025-12-12 23:14:33,550 [Worker-9: Launching springboot_backend_template (3)] INFO  o.eclipse.m2e.core.internal.Bundles - 	Entry: D:\sts_new\sts-4.30.0.RELEASE\plugins\org.eclipse.m2e.maven.runtime_3.9.900.20250220-2013\jars\plexus-interpolation-1.27.jar
2025-12-12 23:14:33,550 [Worker-9: Launching springboot_backend_template (3)] INFO  o.eclipse.m2e.core.internal.Bundles - 	Entry: D:\sts_new\sts-4.30.0.RELEASE\plugins\org.eclipse.m2e.maven.runtime_3.9.900.20250220-2013\jars\plexus-sec-dispatcher-2.0.jar
2025-12-12 23:14:33,550 [Worker-9: Launching springboot_backend_template (3)] INFO  o.eclipse.m2e.core.internal.Bundles - 	Entry: D:\sts_new\sts-4.30.0.RELEASE\plugins\org.eclipse.m2e.maven.runtime_3.9.900.20250220-2013\jars\plexus-utils-3.5.1.jar
2025-12-12 23:14:33,550 [Worker-9: Launching springboot_backend_template (3)] INFO  o.eclipse.m2e.core.internal.Bundles - 	Entry: D:\sts_new\sts-4.30.0.RELEASE\plugins\org.eclipse.m2e.maven.runtime_3.9.900.20250220-2013\jars\plexus-xml-3.0.1.jar
2025-12-12 23:14:33,551 [Worker-9: Launching springboot_backend_template (3)] INFO  o.eclipse.m2e.core.internal.Bundles - 	Entry: D:\sts_new\sts-4.30.0.RELEASE\plugins\org.eclipse.m2e.maven.runtime_3.9.900.20250220-2013\jars\wagon-file-3.5.3.jar
2025-12-12 23:14:33,551 [Worker-9: Launching springboot_backend_template (3)] INFO  o.eclipse.m2e.core.internal.Bundles - 	Entry: D:\sts_new\sts-4.30.0.RELEASE\plugins\org.eclipse.m2e.maven.runtime_3.9.900.20250220-2013\jars\wagon-http-3.5.3.jar
2025-12-12 23:14:33,551 [Worker-9: Launching springboot_backend_template (3)] INFO  o.eclipse.m2e.core.internal.Bundles - 	Entry: D:\sts_new\sts-4.30.0.RELEASE\plugins\org.eclipse.m2e.maven.runtime_3.9.900.20250220-2013\jars\wagon-http-shared-3.5.3.jar
2025-12-12 23:14:33,551 [Worker-9: Launching springboot_backend_template (3)] INFO  o.eclipse.m2e.core.internal.Bundles - 	Entry: D:\sts_new\sts-4.30.0.RELEASE\plugins\org.eclipse.m2e.maven.runtime_3.9.900.20250220-2013\jars\wagon-provider-api-3.5.3.jar
2025-12-12 23:14:33,555 [Worker-9: Launching springboot_backend_template (3)] INFO  o.eclipse.m2e.core.internal.Bundles - getClasspathEntries(Bundle=com.google.guava_33.4.0.jre [29])
2025-12-12 23:14:33,556 [Worker-9: Launching springboot_backend_template (3)] INFO  o.eclipse.m2e.core.internal.Bundles - 	Entry: D:\sts_new\sts-4.30.0.RELEASE\plugins\com.google.guava_33.4.0.jre.jar
2025-12-12 23:14:33,556 [Worker-9: Launching springboot_backend_template (3)] INFO  o.eclipse.m2e.core.internal.Bundles - getClasspathEntries(Bundle=slf4j.api_2.0.17 [608])
2025-12-12 23:14:33,557 [Worker-9: Launching springboot_backend_template (3)] INFO  o.eclipse.m2e.core.internal.Bundles - 	Entry: D:\sts_new\sts-4.30.0.RELEASE\plugins\slf4j.api_2.0.17.jar
2025-12-12 23:14:33,557 [Worker-9: Launching springboot_backend_template (3)] INFO  o.eclipse.m2e.core.internal.Bundles - getClasspathEntries(Bundle=javax.inject_1.0.0.v20220405-0441 [759])
2025-12-12 23:14:33,558 [Worker-9: Launching springboot_backend_template (3)] INFO  o.eclipse.m2e.core.internal.Bundles - 	Entry: D:\sts_new\sts-4.30.0.RELEASE\plugins\javax.inject_1.0.0.v20220405-0441.jar
2025-12-12 23:14:33,558 [Worker-9: Launching springboot_backend_template (3)] INFO  o.eclipse.m2e.core.internal.Bundles - getClasspathEntries(Bundle=javax.annotation_1.3.5.v20230504-0748 [758])
2025-12-12 23:14:33,559 [Worker-9: Launching springboot_backend_template (3)] INFO  o.eclipse.m2e.core.internal.Bundles - 	Entry: D:\sts_new\sts-4.30.0.RELEASE\plugins\javax.annotation_1.3.5.v20230504-0748.jar
2025-12-12 23:14:33,560 [Worker-9: Launching springboot_backend_template (3)] INFO  o.eclipse.m2e.core.internal.Bundles - getClasspathEntries(Bundle=org.apache.commons.cli_1.9.0 [77])
2025-12-12 23:14:33,560 [Worker-9: Launching springboot_backend_template (3)] INFO  o.eclipse.m2e.core.internal.Bundles - 	Entry: D:\sts_new\sts-4.30.0.RELEASE\plugins\org.apache.commons.cli_1.9.0.jar
2025-12-12 23:14:33,560 [Worker-9: Launching springboot_backend_template (3)] INFO  o.eclipse.m2e.core.internal.Bundles - getClasspathEntries(Bundle=org.apache.commons.commons-codec_1.16.0 [79])
2025-12-12 23:14:33,561 [Worker-9: Launching springboot_backend_template (3)] INFO  o.eclipse.m2e.core.internal.Bundles - 	Entry: D:\sts_new\sts-4.30.0.RELEASE\plugins\org.apache.commons.commons-codec_1.16.0.jar
2025-12-12 23:14:33,561 [Worker-9: Launching springboot_backend_template (3)] INFO  o.eclipse.m2e.core.internal.Bundles - getClasspathEntries(Bundle=com.google.guava.failureaccess_1.0.2 [30])
2025-12-12 23:14:33,562 [Worker-9: Launching springboot_backend_template (3)] INFO  o.eclipse.m2e.core.internal.Bundles - 	Entry: D:\sts_new\sts-4.30.0.RELEASE\plugins\com.google.guava.failureaccess_1.0.2.jar
2025-12-12 23:14:33,564 [Worker-9: Launching springboot_backend_template (3)] INFO  o.e.m.i.launch.MavenLaunchDelegate - Run build in "D:\CDAC_Aug\C_DEC project\DutyMatrix(PoliceSchedullingSystem)\projecteHelp\springboot_backend_template":
2025-12-12 23:14:33,570 [Worker-9: Launching springboot_backend_template (3)] INFO  o.e.m.i.launch.MavenLaunchDelegate -  mvn  -Ppom.xml -B -Dstyle.color=always clean compile
2025-12-12 23:14:56,662 [Worker-12: Launching springboot_backend_template (3)] INFO  o.eclipse.m2e.core.internal.Bundles - getClasspathEntries(Bundle=org.eclipse.m2e.maven.runtime_3.9.900.20250220-2013 [361])
2025-12-12 23:14:56,663 [Worker-12: Launching springboot_backend_template (3)] INFO  o.eclipse.m2e.core.internal.Bundles - 	Entry: D:\sts_new\sts-4.30.0.RELEASE\plugins\org.eclipse.m2e.maven.runtime_3.9.900.20250220-2013
2025-12-12 23:14:56,664 [Worker-12: Launching springboot_backend_template (3)] INFO  o.eclipse.m2e.core.internal.Bundles - 	Entry: D:\sts_new\sts-4.30.0.RELEASE\plugins\org.eclipse.m2e.maven.runtime_3.9.900.20250220-2013\jars\aopalliance-1.0.jar
2025-12-12 23:14:56,664 [Worker-12: Launching springboot_backend_template (3)] INFO  o.eclipse.m2e.core.internal.Bundles - 	Entry: D:\sts_new\sts-4.30.0.RELEASE\plugins\org.eclipse.m2e.maven.runtime_3.9.900.20250220-2013\jars\guice-5.1.0.jar
2025-12-12 23:14:56,664 [Worker-12: Launching springboot_backend_template (3)] INFO  o.eclipse.m2e.core.internal.Bundles - 	Entry: D:\sts_new\sts-4.30.0.RELEASE\plugins\org.eclipse.m2e.maven.runtime_3.9.900.20250220-2013\jars\httpclient-4.5.14.jar
2025-12-12 23:14:56,665 [Worker-12: Launching springboot_backend_template (3)] INFO  o.eclipse.m2e.core.internal.Bundles - 	Entry: D:\sts_new\sts-4.30.0.RELEASE\plugins\org.eclipse.m2e.maven.runtime_3.9.900.20250220-2013\jars\httpcore-4.4.16.jar
2025-12-12 23:14:56,665 [Worker-12: Launching springboot_backend_template (3)] INFO  o.eclipse.m2e.core.internal.Bundles - 	Entry: D:\sts_new\sts-4.30.0.RELEASE\plugins\org.eclipse.m2e.maven.runtime_3.9.900.20250220-2013\jars\jansi-2.4.1.jar
2025-12-12 23:14:56,665 [Worker-12: Launching springboot_backend_template (3)] INFO  o.eclipse.m2e.core.internal.Bundles - 	Entry: D:\sts_new\sts-4.30.0.RELEASE\plugins\org.eclipse.m2e.maven.runtime_3.9.900.20250220-2013\jars\jcl-over-slf4j-1.7.36.jar
2025-12-12 23:14:56,665 [Worker-12: Launching springboot_backend_template (3)] INFO  o.eclipse.m2e.core.internal.Bundles - 	Entry: D:\sts_new\sts-4.30.0.RELEASE\plugins\org.eclipse.m2e.maven.runtime_3.9.900.20250220-2013\jars\maven-artifact-3.9.9.jar
2025-12-12 23:14:56,665 [Worker-12: Launching springboot_backend_template (3)] INFO  o.eclipse.m2e.core.internal.Bundles - 	Entry: D:\sts_new\sts-4.30.0.RELEASE\plugins\org.eclipse.m2e.maven.runtime_3.9.900.20250220-2013\jars\maven-builder-support-3.9.9.jar
2025-12-12 23:14:56,665 [Worker-12: Launching springboot_backend_template (3)] INFO  o.eclipse.m2e.core.internal.Bundles - 	Entry: D:\sts_new\sts-4.30.0.RELEASE\plugins\org.eclipse.m2e.maven.runtime_3.9.900.20250220-2013\jars\maven-compat-3.9.9.jar
2025-12-12 23:14:56,665 [Worker-12: Launching springboot_backend_template (3)] INFO  o.eclipse.m2e.core.internal.Bundles - 	Entry: D:\sts_new\sts-4.30.0.RELEASE\plugins\org.eclipse.m2e.maven.runtime_3.9.900.20250220-2013\jars\maven-core-3.9.9.jar
2025-12-12 23:14:56,666 [Worker-12: Launching springboot_backend_template (3)] INFO  o.eclipse.m2e.core.internal.Bundles - 	Entry: D:\sts_new\sts-4.30.0.RELEASE\plugins\org.eclipse.m2e.maven.runtime_3.9.900.20250220-2013\jars\maven-embedder-3.9.9.jar
2025-12-12 23:14:56,666 [Worker-12: Launching springboot_backend_template (3)] INFO  o.eclipse.m2e.core.internal.Bundles - 	Entry: D:\sts_new\sts-4.30.0.RELEASE\plugins\org.eclipse.m2e.maven.runtime_3.9.900.20250220-2013\jars\maven-model-3.9.9.jar
2025-12-12 23:14:56,666 [Worker-12: Launching springboot_backend_template (3)] INFO  o.eclipse.m2e.core.internal.Bundles - 	Entry: D:\sts_new\sts-4.30.0.RELEASE\plugins\org.eclipse.m2e.maven.runtime_3.9.900.20250220-2013\jars\maven-model-builder-3.9.9.jar
2025-12-12 23:14:56,666 [Worker-12: Launching springboot_backend_template (3)] INFO  o.eclipse.m2e.core.internal.Bundles - 	Entry: D:\sts_new\sts-4.30.0.RELEASE\plugins\org.eclipse.m2e.maven.runtime_3.9.900.20250220-2013\jars\maven-plugin-api-3.9.9.jar
2025-12-12 23:14:56,666 [Worker-12: Launching springboot_backend_template (3)] INFO  o.eclipse.m2e.core.internal.Bundles - 	Entry: D:\sts_new\sts-4.30.0.RELEASE\plugins\org.eclipse.m2e.maven.runtime_3.9.900.20250220-2013\jars\maven-repository-metadata-3.9.9.jar
2025-12-12 23:14:56,666 [Worker-12: Launching springboot_backend_template (3)] INFO  o.eclipse.m2e.core.internal.Bundles - 	Entry: D:\sts_new\sts-4.30.0.RELEASE\plugins\org.eclipse.m2e.maven.runtime_3.9.900.20250220-2013\jars\maven-resolver-api-1.9.22.jar
2025-12-12 23:14:56,666 [Worker-12: Launching springboot_backend_template (3)] INFO  o.eclipse.m2e.core.internal.Bundles - 	Entry: D:\sts_new\sts-4.30.0.RELEASE\plugins\org.eclipse.m2e.maven.runtime_3.9.900.20250220-2013\jars\maven-resolver-connector-basic-1.9.22.jar
2025-12-12 23:14:56,666 [Worker-12: Launching springboot_backend_template (3)] INFO  o.eclipse.m2e.core.internal.Bundles - 	Entry: D:\sts_new\sts-4.30.0.RELEASE\plugins\org.eclipse.m2e.maven.runtime_3.9.900.20250220-2013\jars\maven-resolver-impl-1.9.22.jar
2025-12-12 23:14:56,666 [Worker-12: Launching springboot_backend_template (3)] INFO  o.eclipse.m2e.core.internal.Bundles - 	Entry: D:\sts_new\sts-4.30.0.RELEASE\plugins\org.eclipse.m2e.maven.runtime_3.9.900.20250220-2013\jars\maven-resolver-named-locks-1.9.22.jar
2025-12-12 23:14:56,666 [Worker-12: Launching springboot_backend_template (3)] INFO  o.eclipse.m2e.core.internal.Bundles - 	Entry: D:\sts_new\sts-4.30.0.RELEASE\plugins\org.eclipse.m2e.maven.runtime_3.9.900.20250220-2013\jars\maven-resolver-provider-3.9.9.jar
2025-12-12 23:14:56,667 [Worker-12: Launching springboot_backend_template (3)] INFO  o.eclipse.m2e.core.internal.Bundles - 	Entry: D:\sts_new\sts-4.30.0.RELEASE\plugins\org.eclipse.m2e.maven.runtime_3.9.900.20250220-2013\jars\maven-resolver-spi-1.9.22.jar
2025-12-12 23:14:56,667 [Worker-12: Launching springboot_backend_template (3)] INFO  o.eclipse.m2e.core.internal.Bundles - 	Entry: D:\sts_new\sts-4.30.0.RELEASE\plugins\org.eclipse.m2e.maven.runtime_3.9.900.20250220-2013\jars\maven-resolver-transport-file-1.9.22.jar
2025-12-12 23:14:56,667 [Worker-12: Launching springboot_backend_template (3)] INFO  o.eclipse.m2e.core.internal.Bundles - 	Entry: D:\sts_new\sts-4.30.0.RELEASE\plugins\org.eclipse.m2e.maven.runtime_3.9.900.20250220-2013\jars\maven-resolver-transport-http-1.9.22.jar
2025-12-12 23:14:56,667 [Worker-12: Launching springboot_backend_template (3)] INFO  o.eclipse.m2e.core.internal.Bundles - 	Entry: D:\sts_new\sts-4.30.0.RELEASE\plugins\org.eclipse.m2e.maven.runtime_3.9.900.20250220-2013\jars\maven-resolver-transport-wagon-1.9.22.jar
2025-12-12 23:14:56,667 [Worker-12: Launching springboot_backend_template (3)] INFO  o.eclipse.m2e.core.internal.Bundles - 	Entry: D:\sts_new\sts-4.30.0.RELEASE\plugins\org.eclipse.m2e.maven.runtime_3.9.900.20250220-2013\jars\maven-resolver-util-1.9.22.jar
2025-12-12 23:14:56,667 [Worker-12: Launching springboot_backend_template (3)] INFO  o.eclipse.m2e.core.internal.Bundles - 	Entry: D:\sts_new\sts-4.30.0.RELEASE\plugins\org.eclipse.m2e.maven.runtime_3.9.900.20250220-2013\jars\maven-settings-3.9.9.jar
2025-12-12 23:14:56,667 [Worker-12: Launching springboot_backend_template (3)] INFO  o.eclipse.m2e.core.internal.Bundles - 	Entry: D:\sts_new\sts-4.30.0.RELEASE\plugins\org.eclipse.m2e.maven.runtime_3.9.900.20250220-2013\jars\maven-settings-builder-3.9.9.jar
2025-12-12 23:14:56,667 [Worker-12: Launching springboot_backend_template (3)] INFO  o.eclipse.m2e.core.internal.Bundles - 	Entry: D:\sts_new\sts-4.30.0.RELEASE\plugins\org.eclipse.m2e.maven.runtime_3.9.900.20250220-2013\jars\maven-shared-utils-3.4.2.jar
2025-12-12 23:14:56,668 [Worker-12: Launching springboot_backend_template (3)] INFO  o.eclipse.m2e.core.internal.Bundles - 	Entry: D:\sts_new\sts-4.30.0.RELEASE\plugins\org.eclipse.m2e.maven.runtime_3.9.900.20250220-2013\jars\org.eclipse.sisu.inject-0.9.0.M3.jar
2025-12-12 23:14:56,668 [Worker-12: Launching springboot_backend_template (3)] INFO  o.eclipse.m2e.core.internal.Bundles - 	Entry: D:\sts_new\sts-4.30.0.RELEASE\plugins\org.eclipse.m2e.maven.runtime_3.9.900.20250220-2013\jars\org.eclipse.sisu.plexus-0.9.0.M3.jar
2025-12-12 23:14:56,668 [Worker-12: Launching springboot_backend_template (3)] INFO  o.eclipse.m2e.core.internal.Bundles - 	Entry: D:\sts_new\sts-4.30.0.RELEASE\plugins\org.eclipse.m2e.maven.runtime_3.9.900.20250220-2013\jars\plexus-build-api-0.0.7.jar
2025-12-12 23:14:56,668 [Worker-12: Launching springboot_backend_template (3)] INFO  o.eclipse.m2e.core.internal.Bundles - 	Entry: D:\sts_new\sts-4.30.0.RELEASE\plugins\org.eclipse.m2e.maven.runtime_3.9.900.20250220-2013\jars\plexus-build-api-1.2.0.jar
2025-12-12 23:14:56,668 [Worker-12: Launching springboot_backend_template (3)] INFO  o.eclipse.m2e.core.internal.Bundles - 	Entry: D:\sts_new\sts-4.30.0.RELEASE\plugins\org.eclipse.m2e.maven.runtime_3.9.900.20250220-2013\jars\plexus-cipher-2.0.jar
2025-12-12 23:14:56,668 [Worker-12: Launching springboot_backend_template (3)] INFO  o.eclipse.m2e.core.internal.Bundles - 	Entry: D:\sts_new\sts-4.30.0.RELEASE\plugins\org.eclipse.m2e.maven.runtime_3.9.900.20250220-2013\jars\plexus-classworlds-2.8.0.jar
2025-12-12 23:14:56,668 [Worker-12: Launching springboot_backend_template (3)] INFO  o.eclipse.m2e.core.internal.Bundles - 	Entry: D:\sts_new\sts-4.30.0.RELEASE\plugins\org.eclipse.m2e.maven.runtime_3.9.900.20250220-2013\jars\plexus-component-annotations-2.1.0.jar
2025-12-12 23:14:56,668 [Worker-12: Launching springboot_backend_template (3)] INFO  o.eclipse.m2e.core.internal.Bundles - 	Entry: D:\sts_new\sts-4.30.0.RELEASE\plugins\org.eclipse.m2e.maven.runtime_3.9.900.20250220-2013\jars\plexus-interpolation-1.27.jar
2025-12-12 23:14:56,668 [Worker-12: Launching springboot_backend_template (3)] INFO  o.eclipse.m2e.core.internal.Bundles - 	Entry: D:\sts_new\sts-4.30.0.RELEASE\plugins\org.eclipse.m2e.maven.runtime_3.9.900.20250220-2013\jars\plexus-sec-dispatcher-2.0.jar
2025-12-12 23:14:56,668 [Worker-12: Launching springboot_backend_template (3)] INFO  o.eclipse.m2e.core.internal.Bundles - 	Entry: D:\sts_new\sts-4.30.0.RELEASE\plugins\org.eclipse.m2e.maven.runtime_3.9.900.20250220-2013\jars\plexus-utils-3.5.1.jar
2025-12-12 23:14:56,669 [Worker-12: Launching springboot_backend_template (3)] INFO  o.eclipse.m2e.core.internal.Bundles - 	Entry: D:\sts_new\sts-4.30.0.RELEASE\plugins\org.eclipse.m2e.maven.runtime_3.9.900.20250220-2013\jars\plexus-xml-3.0.1.jar
2025-12-12 23:14:56,669 [Worker-12: Launching springboot_backend_template (3)] INFO  o.eclipse.m2e.core.internal.Bundles - 	Entry: D:\sts_new\sts-4.30.0.RELEASE\plugins\org.eclipse.m2e.maven.runtime_3.9.900.20250220-2013\jars\wagon-file-3.5.3.jar
2025-12-12 23:14:56,669 [Worker-12: Launching springboot_backend_template (3)] INFO  o.eclipse.m2e.core.internal.Bundles - 	Entry: D:\sts_new\sts-4.30.0.RELEASE\plugins\org.eclipse.m2e.maven.runtime_3.9.900.20250220-2013\jars\wagon-http-3.5.3.jar
2025-12-12 23:14:56,669 [Worker-12: Launching springboot_backend_template (3)] INFO  o.eclipse.m2e.core.internal.Bundles - 	Entry: D:\sts_new\sts-4.30.0.RELEASE\plugins\org.eclipse.m2e.maven.runtime_3.9.900.20250220-2013\jars\wagon-http-shared-3.5.3.jar
2025-12-12 23:14:56,669 [Worker-12: Launching springboot_backend_template (3)] INFO  o.eclipse.m2e.core.internal.Bundles - 	Entry: D:\sts_new\sts-4.30.0.RELEASE\plugins\org.eclipse.m2e.maven.runtime_3.9.900.20250220-2013\jars\wagon-provider-api-3.5.3.jar
2025-12-12 23:14:56,669 [Worker-12: Launching springboot_backend_template (3)] INFO  o.eclipse.m2e.core.internal.Bundles - getClasspathEntries(Bundle=com.google.guava_33.4.0.jre [29])
2025-12-12 23:14:56,670 [Worker-12: Launching springboot_backend_template (3)] INFO  o.eclipse.m2e.core.internal.Bundles - 	Entry: D:\sts_new\sts-4.30.0.RELEASE\plugins\com.google.guava_33.4.0.jre.jar
2025-12-12 23:14:56,670 [Worker-12: Launching springboot_backend_template (3)] INFO  o.eclipse.m2e.core.internal.Bundles - getClasspathEntries(Bundle=slf4j.api_2.0.17 [608])
2025-12-12 23:14:56,671 [Worker-12: Launching springboot_backend_template (3)] INFO  o.eclipse.m2e.core.internal.Bundles - 	Entry: D:\sts_new\sts-4.30.0.RELEASE\plugins\slf4j.api_2.0.17.jar
2025-12-12 23:14:56,671 [Worker-12: Launching springboot_backend_template (3)] INFO  o.eclipse.m2e.core.internal.Bundles - getClasspathEntries(Bundle=javax.inject_1.0.0.v20220405-0441 [759])
2025-12-12 23:14:56,671 [Worker-12: Launching springboot_backend_template (3)] INFO  o.eclipse.m2e.core.internal.Bundles - 	Entry: D:\sts_new\sts-4.30.0.RELEASE\plugins\javax.inject_1.0.0.v20220405-0441.jar
2025-12-12 23:14:56,671 [Worker-12: Launching springboot_backend_template (3)] INFO  o.eclipse.m2e.core.internal.Bundles - getClasspathEntries(Bundle=javax.annotation_1.3.5.v20230504-0748 [758])
2025-12-12 23:14:56,672 [Worker-12: Launching springboot_backend_template (3)] INFO  o.eclipse.m2e.core.internal.Bundles - 	Entry: D:\sts_new\sts-4.30.0.RELEASE\plugins\javax.annotation_1.3.5.v20230504-0748.jar
2025-12-12 23:14:56,672 [Worker-12: Launching springboot_backend_template (3)] INFO  o.eclipse.m2e.core.internal.Bundles - getClasspathEntries(Bundle=org.apache.commons.cli_1.9.0 [77])
2025-12-12 23:14:56,673 [Worker-12: Launching springboot_backend_template (3)] INFO  o.eclipse.m2e.core.internal.Bundles - 	Entry: D:\sts_new\sts-4.30.0.RELEASE\plugins\org.apache.commons.cli_1.9.0.jar
2025-12-12 23:14:56,674 [Worker-12: Launching springboot_backend_template (3)] INFO  o.eclipse.m2e.core.internal.Bundles - getClasspathEntries(Bundle=org.apache.commons.commons-codec_1.16.0 [79])
2025-12-12 23:14:56,674 [Worker-12: Launching springboot_backend_template (3)] INFO  o.eclipse.m2e.core.internal.Bundles - 	Entry: D:\sts_new\sts-4.30.0.RELEASE\plugins\org.apache.commons.commons-codec_1.16.0.jar
2025-12-12 23:14:56,674 [Worker-12: Launching springboot_backend_template (3)] INFO  o.eclipse.m2e.core.internal.Bundles - getClasspathEntries(Bundle=com.google.guava.failureaccess_1.0.2 [30])
2025-12-12 23:14:56,676 [Worker-12: Launching springboot_backend_template (3)] INFO  o.eclipse.m2e.core.internal.Bundles - 	Entry: D:\sts_new\sts-4.30.0.RELEASE\plugins\com.google.guava.failureaccess_1.0.2.jar
2025-12-12 23:14:56,678 [Worker-12: Launching springboot_backend_template (3)] INFO  o.e.m.i.launch.MavenLaunchDelegate - Run build in "D:\CDAC_Aug\C_DEC project\DutyMatrix(PoliceSchedullingSystem)\projecteHelp\springboot_backend_template":
2025-12-12 23:14:56,678 [Worker-12: Launching springboot_backend_template (3)] INFO  o.e.m.i.launch.MavenLaunchDelegate -  mvn  -Ppom.xml -B -Dstyle.color=always clean compile
